Using pre-set license
Built from '2022.3/staging' branch; Version is '2022.3.24f1 (334eb2a0b267) revision 3362482'; Using compiler version '192829333'; Build Type 'Release'
OS: 'Windows 10  (10.0.19045) 64bit Core' Language: 'en' Physical Memory: 16333 MB
BatchMode: 1, IsHumanControllingUs: 0, StartBugReporterOnCrash: 0, Is64bit: 1, IsPro: 1

COMMAND LINE ARGUMENTS:
D:\programe files x2\Unity\Editor\2022.3.24f1\Editor\Unity.exe
-adb2
-batchMode
-noUpm
-name
AssetImportWorker6
-projectPath
H:/Uni/Capstone/Game/PinballAscension
-logFile
Logs/AssetImportWorker6.log
-srvPort
59344
Successfully changed project path to: H:/Uni/Capstone/Game/PinballAscension
H:/Uni/Capstone/Game/PinballAscension
[UnityMemory] Configuration Parameters - Can be set up in boot.config
    "memorysetup-bucket-allocator-granularity=16"
    "memorysetup-bucket-allocator-bucket-count=8"
    "memorysetup-bucket-allocator-block-size=33554432"
    "memorysetup-bucket-allocator-block-count=8"
    "memorysetup-main-allocator-block-size=16777216"
    "memorysetup-thread-allocator-block-size=16777216"
    "memorysetup-gfx-main-allocator-block-size=16777216"
    "memorysetup-gfx-thread-allocator-block-size=16777216"
    "memorysetup-cache-allocator-block-size=4194304"
    "memorysetup-typetree-allocator-block-size=2097152"
    "memorysetup-profiler-bucket-allocator-granularity=16"
    "memorysetup-profiler-bucket-allocator-bucket-count=8"
    "memorysetup-profiler-bucket-allocator-block-size=33554432"
    "memorysetup-profiler-bucket-allocator-block-count=8"
    "memorysetup-profiler-allocator-block-size=16777216"
    "memorysetup-profiler-editor-allocator-block-size=1048576"
    "memorysetup-temp-allocator-size-main=16777216"
    "memorysetup-job-temp-allocator-block-size=2097152"
    "memorysetup-job-temp-allocator-block-size-background=1048576"
    "memorysetup-job-temp-allocator-reduction-small-platforms=262144"
    "memorysetup-allocator-temp-initial-block-size-main=262144"
    "memorysetup-allocator-temp-initial-block-size-worker=262144"
    "memorysetup-temp-allocator-size-background-worker=32768"
    "memorysetup-temp-allocator-size-job-worker=262144"
    "memorysetup-temp-allocator-size-preload-manager=33554432"
    "memorysetup-temp-allocator-size-nav-mesh-worker=65536"
    "memorysetup-temp-allocator-size-audio-worker=65536"
    "memorysetup-temp-allocator-size-cloud-worker=32768"
    "memorysetup-temp-allocator-size-gi-baking-worker=262144"
    "memorysetup-temp-allocator-size-gfx=262144"
Player connection [39396] Host "[IP] 192.168.8.145 [Port] 0 [Flags] 2 [Guid] 615081875 [EditorId] 615081875 [Version] 1048832 [Id] WindowsEditor(7,DESKTOP-DET9CBS) [Debug] 1 [PackageName] WindowsEditor [ProjectName] Editor" joined multi-casting on [225.0.0.222:54997]...

Player connection [39396] Host "[IP] 192.168.8.145 [Port] 0 [Flags] 2 [Guid] 615081875 [EditorId] 615081875 [Version] 1048832 [Id] WindowsEditor(7,DESKTOP-DET9CBS) [Debug] 1 [PackageName] WindowsEditor [ProjectName] Editor" joined alternative multi-casting on [225.0.0.222:34997]...

[Physics::Module] Initialized MultithreadedJobDispatcher with 5 workers.
Refreshing native plugins compatible for Editor in 10.43 ms, found 3 plugins.
Preloading 0 native plugins for Editor in 0.00 ms.
Initialize engine version: 2022.3.24f1 (334eb2a0b267)
[Subsystems] Discovering subsystems at path D:/programe files x2/Unity/Editor/2022.3.24f1/Editor/Data/Resources/UnitySubsystems
[Subsystems] Discovering subsystems at path H:/Uni/Capstone/Game/PinballAscension/Assets
GfxDevice: creating device client; threaded=0; jobified=0
Direct3D:
    Version:  Direct3D 11.0 [level 11.1]
    Renderer: NVIDIA GeForce GTX 1070 (ID=0x1b81)
    Vendor:   NVIDIA
    VRAM:     8067 MB
    Driver:   32.0.15.5599
Initialize mono
Mono path[0] = 'D:/programe files x2/Unity/Editor/2022.3.24f1/Editor/Data/Managed'
Mono path[1] = 'D:/programe files x2/Unity/Editor/2022.3.24f1/Editor/Data/MonoBleedingEdge/lib/mono/unityjit-win32'
Mono config path = 'D:/programe files x2/Unity/Editor/2022.3.24f1/Editor/Data/MonoBleedingEdge/etc'
Using monoOptions --debugger-agent=transport=dt_socket,embedding=1,server=y,suspend=n,address=127.0.0.1:56608
Begin MonoManager ReloadAssembly
Registering precompiled unity dll's ...
Register platform support module: D:/programe files x2/Unity/Editor/2022.3.24f1/Editor/Data/PlaybackEngines/WindowsStandaloneSupport/UnityEditor.WindowsStandalone.Extensions.dll
Registered in 0.005369 seconds.
- Loaded All Assemblies, in  0.544 seconds
Native extension for WindowsStandalone target not found
Mono: successfully reloaded assembly
- Finished resetting the current domain, in  0.306 seconds
Domain Reload Profiling: 850ms
	BeginReloadAssembly (166ms)
		ExecutionOrderSort (0ms)
		DisableScriptedObjects (0ms)
		BackupInstance (0ms)
		ReleaseScriptingObjects (0ms)
		CreateAndSetChildDomain (1ms)
	RebuildCommonClasses (49ms)
	RebuildNativeTypeToScriptingClass (13ms)
	initialDomainReloadingComplete (62ms)
	LoadAllAssembliesAndSetupDomain (254ms)
		LoadAssemblies (166ms)
		RebuildTransferFunctionScriptingTraits (0ms)
		AnalyzeDomain (250ms)
			TypeCache.Refresh (249ms)
				TypeCache.ScanAssembly (226ms)
			ScanForSourceGeneratedMonoScriptInfo (0ms)
			ResolveRequiredComponents (1ms)
	FinalizeReload (306ms)
		ReleaseScriptCaches (0ms)
		RebuildScriptCaches (0ms)
		SetupLoadedEditorAssemblies (241ms)
			LogAssemblyErrors (0ms)
			InitializePlatformSupportModulesInManaged (8ms)
			SetLoadedEditorAssemblies (8ms)
			RefreshPlugins (0ms)
			BeforeProcessingInitializeOnLoad (3ms)
			ProcessInitializeOnLoadAttributes (164ms)
			ProcessInitializeOnLoadMethodAttributes (58ms)
			AfterProcessingInitializeOnLoad (0ms)
			EditorAssembliesLoaded (0ms)
		ExecutionOrderSort2 (0ms)
		AwakeInstancesAfterBackupRestoration (0ms)
========================================================================
Worker process is ready to serve import requests
Begin MonoManager ReloadAssembly
- Loaded All Assemblies, in  0.650 seconds
Refreshing native plugins compatible for Editor in 2.86 ms, found 3 plugins.
Native extension for WindowsStandalone target not found
Package Manager log level set to [2]
[Package Manager] Server::EnsureServerProcessIsRunning -- launch failed, reason: Unity was launched with the -noUpm command-line argument
[Package Manager] UpmClient::Send -- Unable to send message (not connected to UPM process).
[Package Manager] Cannot connect to Unity Package Manager local server
Mono: successfully reloaded assembly
- Finished resetting the current domain, in  0.554 seconds
Domain Reload Profiling: 1203ms
	BeginReloadAssembly (173ms)
		ExecutionOrderSort (0ms)
		DisableScriptedObjects (6ms)
		BackupInstance (0ms)
		ReleaseScriptingObjects (0ms)
		CreateAndSetChildDomain (22ms)
	RebuildCommonClasses (36ms)
	RebuildNativeTypeToScriptingClass (12ms)
	initialDomainReloadingComplete (39ms)
	LoadAllAssembliesAndSetupDomain (390ms)
		LoadAssemblies (311ms)
		RebuildTransferFunctionScriptingTraits (0ms)
		AnalyzeDomain (189ms)
			TypeCache.Refresh (165ms)
				TypeCache.ScanAssembly (151ms)
			ScanForSourceGeneratedMonoScriptInfo (16ms)
			ResolveRequiredComponents (6ms)
	FinalizeReload (554ms)
		ReleaseScriptCaches (0ms)
		RebuildScriptCaches (0ms)
		SetupLoadedEditorAssemblies (410ms)
			LogAssemblyErrors (0ms)
			InitializePlatformSupportModulesInManaged (5ms)
			SetLoadedEditorAssemblies (3ms)
			RefreshPlugins (0ms)
			BeforeProcessingInitializeOnLoad (52ms)
			ProcessInitializeOnLoadAttributes (328ms)
			ProcessInitializeOnLoadMethodAttributes (20ms)
			AfterProcessingInitializeOnLoad (3ms)
			EditorAssembliesLoaded (0ms)
		ExecutionOrderSort2 (0ms)
		AwakeInstancesAfterBackupRestoration (7ms)
Launched and connected shader compiler UnityShaderCompiler.exe after 0.04 seconds
Refreshing native plugins compatible for Editor in 2.99 ms, found 3 plugins.
Preloading 0 native plugins for Editor in 0.00 ms.
Unloading 3544 Unused Serialized files (Serialized files now loaded: 0)
Unloading 37 unused Assets / (99.3 KB). Loaded Objects now: 4010.
Memory consumption went from 143.8 MB to 143.7 MB.
Total: 2.954200 ms (FindLiveObjects: 0.262700 ms CreateObjectMapping: 0.224600 ms MarkObjects: 2.315000 ms  DeleteObjects: 0.151000 ms)

AssetImportParameters requested are different than current active one (requested -> active):
  custom:container-demuxer-ogg: 62fdf1f143b41e24485cea50d1cbac27 -> 
  custom:video-decoder-ogg-theora: a1e56fd34408186e4bbccfd4996cb3dc -> 
  custom:framework-win-MediaFoundation: 216162199b28c13a410421893ffa2e32 -> 
  custom:CustomObjectIndexerAttribute: 9a22284fe3817be447336de3de66b15e -> 
  custom:container-demuxer-webm: 4f35f7cbe854078d1ac9338744f61a02 -> 
  custom:container-muxer-webm: aa71ff27fc2769a1b78a27578f13a17b -> 
  custom:video-decoder-webm-vp8: 9c59270c3fd7afecdb556c50c9e8de78 -> 
  custom:SearchIndexIgnoredProperties: e643bd26f0fe6173181afceb89e7c659 -> 
  custom:AudioImporter_EditorPlatform: d09bf68614088b80899f8185d706f6e7 -> 
  custom:video-encoder-webm-vp8: eb34c28f22e8b96e1ab97ce403110664 -> 
  custom:audio-decoder-ogg-vorbis: bf7c407c2cedff20999df2af8eb42d56 -> 
  custom:audio-encoder-webm-vorbis: bf7c407c2cedff20999df2af8eb42d56 -> 
========================================================================
Received Import Request.
  Time since last request: 787178.235993 seconds.
  path: Assets/Models/Materials/Ghost green.mat
  artifactKey: Guid(f029d319e3e933041a37b93dfce194e1) Importer(815301076,1909f56bfc062723c751e8b465ee728b)
Start importing Assets/Models/Materials/Ghost green.mat using Guid(f029d319e3e933041a37b93dfce194e1) Importer(815301076,1909f56bfc062723c751e8b465ee728b)  -> (artifact id: 'f1f387b5409c1da5cc7f21ba45cb79f5') in 0.178608 seconds
Number of updated asset objects reloaded before import = 0
Number of asset objects unloaded after import = 4
========================================================================
Received Import Request.
  Time since last request: 6.944681 seconds.
  path: Assets/Models/Materials/vaultwall.mat
  artifactKey: Guid(abb49bacf565e894eb94af53b609ab72) Importer(815301076,1909f56bfc062723c751e8b465ee728b)
Start importing Assets/Models/Materials/vaultwall.mat using Guid(abb49bacf565e894eb94af53b609ab72) Importer(815301076,1909f56bfc062723c751e8b465ee728b)  -> (artifact id: 'c3de088e3988ce0d92d20dd36e2b2940') in 0.035146 seconds
Number of updated asset objects reloaded before import = 0
Number of asset objects unloaded after import = 4
========================================================================
Received Import Request.
  Time since last request: 87.529012 seconds.
  path: Assets/Models/Materials/New Material 14.mat
  artifactKey: Guid(ff7e6493dc41b3043a04958a7728c007) Importer(815301076,1909f56bfc062723c751e8b465ee728b)
Start importing Assets/Models/Materials/New Material 14.mat using Guid(ff7e6493dc41b3043a04958a7728c007) Importer(815301076,1909f56bfc062723c751e8b465ee728b)  -> (artifact id: '8f1d8676d23cd306f0500e2a34dc8338') in 0.015022 seconds
Number of updated asset objects reloaded before import = 0
Number of asset objects unloaded after import = 1
========================================================================
Received Import Request.
  Time since last request: 0.635883 seconds.
  path: Assets/Models/Materials/Treasurechest.mat
  artifactKey: Guid(c6862112ee6fe38479097c730389814d) Importer(815301076,1909f56bfc062723c751e8b465ee728b)
Start importing Assets/Models/Materials/Treasurechest.mat using Guid(c6862112ee6fe38479097c730389814d) Importer(815301076,1909f56bfc062723c751e8b465ee728b)  -> (artifact id: 'c1ab0c21a8a0937e4d2c79b4fa989f9b') in 0.045708 seconds
Number of updated asset objects reloaded before import = 0
Number of asset objects unloaded after import = 5
========================================================================
Received Import Request.
  Time since last request: 2.984918 seconds.
  path: Assets/Models/Materials/Raw/metalgrate/Default_Material_Height.png
  artifactKey: Guid(23ecfaeb1a463e2408a4a9e2aeda9a2b) Importer(815301076,1909f56bfc062723c751e8b465ee728b)
Start importing Assets/Models/Materials/Raw/metalgrate/Default_Material_Height.png using Guid(23ecfaeb1a463e2408a4a9e2aeda9a2b) Importer(815301076,1909f56bfc062723c751e8b465ee728b)  -> (artifact id: '9c4eecad5732fdab3df58a10021a1f2d') in 0.017920 seconds
Number of updated asset objects reloaded before import = 0
Number of asset objects unloaded after import = 2
========================================================================
Received Import Request.
  Time since last request: 0.000026 seconds.
  path: Assets/Models/Materials/Raw/metalgrate/Default_Material_Normal_OpenGL.png
  artifactKey: Guid(95eedc0c5bf2da946b2d1b6d57548e3d) Importer(815301076,1909f56bfc062723c751e8b465ee728b)
Start importing Assets/Models/Materials/Raw/metalgrate/Default_Material_Normal_OpenGL.png using Guid(95eedc0c5bf2da946b2d1b6d57548e3d) Importer(815301076,1909f56bfc062723c751e8b465ee728b)  -> (artifact id: '2f0fd6844cc9183196b0079ec6b8899c') in 0.019167 seconds
Number of updated asset objects reloaded before import = 0
Number of asset objects unloaded after import = 2
========================================================================
Received Import Request.
  Time since last request: 0.002489 seconds.
  path: Assets/Models/Materials/Raw/metalgrate/Default_Material_Roughness.png
  artifactKey: Guid(8c4efe3610102834d8dc4b6308ae530b) Importer(815301076,1909f56bfc062723c751e8b465ee728b)
Start importing Assets/Models/Materials/Raw/metalgrate/Default_Material_Roughness.png using Guid(8c4efe3610102834d8dc4b6308ae530b) Importer(815301076,1909f56bfc062723c751e8b465ee728b)  -> (artifact id: '5716cd390be50cd03782d9402dae1327') in 0.021561 seconds
Number of updated asset objects reloaded before import = 0
Number of asset objects unloaded after import = 2
========================================================================
Received Import Request.
  Time since last request: 10.832731 seconds.
  path: Assets/Models/Materials/bookcasebumper.mat
  artifactKey: Guid(9cf67a5cf00a856429390e988178bfb4) Importer(815301076,1909f56bfc062723c751e8b465ee728b)
Start importing Assets/Models/Materials/bookcasebumper.mat using Guid(9cf67a5cf00a856429390e988178bfb4) Importer(815301076,1909f56bfc062723c751e8b465ee728b)  -> (artifact id: '9869353b079767e5e8fffc940a7a462c') in 0.027848 seconds
Number of updated asset objects reloaded before import = 0
Number of asset objects unloaded after import = 4
========================================================================
Received Import Request.
  Time since last request: 1.061549 seconds.
  path: Assets/Models/Materials/Gemcage.mat
  artifactKey: Guid(b8158ab848f21f44fb0cf61101e9e8e0) Importer(815301076,1909f56bfc062723c751e8b465ee728b)
Start importing Assets/Models/Materials/Gemcage.mat using Guid(b8158ab848f21f44fb0cf61101e9e8e0) Importer(815301076,1909f56bfc062723c751e8b465ee728b)  -> (artifact id: '9d87b09705f169cb7082168a294f56b1') in 0.033095 seconds
Number of updated asset objects reloaded before import = 0
Number of asset objects unloaded after import = 4
========================================================================
Received Import Request.
  Time since last request: 172.404691 seconds.
  path: Assets/Models/Materials/Raw/VaultFlipper/standardSurface1_Height.png
  artifactKey: Guid(2009e80a12ee27f4b9458de9971ea83c) Importer(815301076,1909f56bfc062723c751e8b465ee728b)
Start importing Assets/Models/Materials/Raw/VaultFlipper/standardSurface1_Height.png using Guid(2009e80a12ee27f4b9458de9971ea83c) Importer(815301076,1909f56bfc062723c751e8b465ee728b)  -> (artifact id: '994fe4d9dd6362a9290894398c524352') in 0.018532 seconds
Number of updated asset objects reloaded before import = 0
Number of asset objects unloaded after import = 2
========================================================================
Received Import Request.
  Time since last request: 0.004277 seconds.
  path: Assets/Models/Materials/Raw/VaultFlipper/standardSurface1_Roughness.png
  artifactKey: Guid(f0e159e5ba643a942a229099e890ad40) Importer(815301076,1909f56bfc062723c751e8b465ee728b)
Start importing Assets/Models/Materials/Raw/VaultFlipper/standardSurface1_Roughness.png using Guid(f0e159e5ba643a942a229099e890ad40) Importer(815301076,1909f56bfc062723c751e8b465ee728b)  -> (artifact id: 'ec4ae4ecbfaae82a3de5f11452f7c3d9') in 0.044101 seconds
Number of updated asset objects reloaded before import = 0
Number of asset objects unloaded after import = 2
========================================================================
Received Import Request.
  Time since last request: 0.000016 seconds.
  path: Assets/Models/Materials/Raw/VaultFlipper/standardSurface1_Metallic.png
  artifactKey: Guid(733acad4ceab6de42b017e9f14eb26a0) Importer(815301076,1909f56bfc062723c751e8b465ee728b)
Start importing Assets/Models/Materials/Raw/VaultFlipper/standardSurface1_Metallic.png using Guid(733acad4ceab6de42b017e9f14eb26a0) Importer(815301076,1909f56bfc062723c751e8b465ee728b)  -> (artifact id: 'a94c55bae5fce9c818f2379b3895dfd4') in 0.026430 seconds
Number of updated asset objects reloaded before import = 0
Number of asset objects unloaded after import = 2
========================================================================
Received Import Request.
  Time since last request: 45.027322 seconds.
  path: Assets/Prefabs/Components/BumperHighAngleRight.prefab
  artifactKey: Guid(2301b2720b2f5cc4a99c589f085f41e5) Importer(815301076,1909f56bfc062723c751e8b465ee728b)
Start importing Assets/Prefabs/Components/BumperHighAngleRight.prefab using Guid(2301b2720b2f5cc4a99c589f085f41e5) Importer(815301076,1909f56bfc062723c751e8b465ee728b)  -> (artifact id: 'd3999fee30a72b733d0577af7375cea7') in 0.100281 seconds
Number of updated asset objects reloaded before import = 0
Number of asset objects unloaded after import = 284
========================================================================
Received Import Request.
  Time since last request: 36.184350 seconds.
  path: Assets/Models/Vault_wall_corner.fbx
  artifactKey: Guid(ed254344bea0060429b54f7c137098db) Importer(815301076,1909f56bfc062723c751e8b465ee728b)
Start importing Assets/Models/Vault_wall_corner.fbx using Guid(ed254344bea0060429b54f7c137098db) Importer(815301076,1909f56bfc062723c751e8b465ee728b)  -> (artifact id: '2ce4aed6e639ae3cac1c2cee1ed149c6') in 0.043463 seconds
Number of updated asset objects reloaded before import = 0
Number of asset objects unloaded after import = 143
========================================================================
Received Import Request.
  Time since last request: 57.386814 seconds.
  path: Assets/Models/Materials/Raw/leftbookcasebumper/standardSurface1_Roughness.png
  artifactKey: Guid(0de2a9fb65ea9bd4fb442c6b760005e2) Importer(815301076,1909f56bfc062723c751e8b465ee728b)
Start importing Assets/Models/Materials/Raw/leftbookcasebumper/standardSurface1_Roughness.png using Guid(0de2a9fb65ea9bd4fb442c6b760005e2) Importer(815301076,1909f56bfc062723c751e8b465ee728b)  -> (artifact id: '0220ac57df7b87648b8aa94f39d4ec54') in 0.037381 seconds
Number of updated asset objects reloaded before import = 0
Number of asset objects unloaded after import = 2
========================================================================
Received Import Request.
  Time since last request: 2.534579 seconds.
  path: Assets/Models/Materials/Raw/RightShift/Stoneslab_RightShift_Default_Material_Normal.png
  artifactKey: Guid(7ddb6e0fd96a6a64daf6b87d876da3be) Importer(815301076,1909f56bfc062723c751e8b465ee728b)
Start importing Assets/Models/Materials/Raw/RightShift/Stoneslab_RightShift_Default_Material_Normal.png using Guid(7ddb6e0fd96a6a64daf6b87d876da3be) Importer(815301076,1909f56bfc062723c751e8b465ee728b)  -> (artifact id: '7234a7fbada150efcf30bf233639e624') in 0.029806 seconds
Number of updated asset objects reloaded before import = 0
Number of asset objects unloaded after import = 2
========================================================================
Received Import Request.
  Time since last request: 1.334113 seconds.
  path: Assets/Models/Materials/Raw/Bookcaseboarder/standardSurface1_Normal_OpenGL.png
  artifactKey: Guid(fa20d5d4341e90a49918effa3d738bca) Importer(815301076,1909f56bfc062723c751e8b465ee728b)
Start importing Assets/Models/Materials/Raw/Bookcaseboarder/standardSurface1_Normal_OpenGL.png using Guid(fa20d5d4341e90a49918effa3d738bca) Importer(815301076,1909f56bfc062723c751e8b465ee728b)  -> (artifact id: 'e09937f6f1826bd9c2a3b3e4bd43b207') in 0.023667 seconds
Number of updated asset objects reloaded before import = 0
Number of asset objects unloaded after import = 2
========================================================================
Received Import Request.
  Time since last request: 0.007500 seconds.
  path: Assets/Models/Materials/Raw/Ghost blue/standardSurface1_Normal_OpenGL.png
  artifactKey: Guid(848bf84225131084dba1567c7dbcfa10) Importer(815301076,1909f56bfc062723c751e8b465ee728b)
Start importing Assets/Models/Materials/Raw/Ghost blue/standardSurface1_Normal_OpenGL.png using Guid(848bf84225131084dba1567c7dbcfa10) Importer(815301076,1909f56bfc062723c751e8b465ee728b)  -> (artifact id: 'bffe6f43ff1d9249e3afe6aa2934eb4c') in 0.031747 seconds
Number of updated asset objects reloaded before import = 0
Number of asset objects unloaded after import = 2
========================================================================
Received Import Request.
  Time since last request: 0.003526 seconds.
  path: Assets/Models/Materials/Raw/flipperbookred/standardSurface1_Metallic.png
  artifactKey: Guid(23ebf708c37a8704b9266770559d731b) Importer(815301076,1909f56bfc062723c751e8b465ee728b)
Start importing Assets/Models/Materials/Raw/flipperbookred/standardSurface1_Metallic.png using Guid(23ebf708c37a8704b9266770559d731b) Importer(815301076,1909f56bfc062723c751e8b465ee728b)  -> (artifact id: '6c3d06094324a90ef04c6bfccce39873') in 0.050913 seconds
Number of updated asset objects reloaded before import = 0
Number of asset objects unloaded after import = 2
========================================================================
Received Import Request.
  Time since last request: 0.000996 seconds.
  path: Assets/Models/Materials/Raw/Vaultwall_corner/standardSurface1_Height.png
  artifactKey: Guid(6385d26325932794d98693755f164946) Importer(815301076,1909f56bfc062723c751e8b465ee728b)
Start importing Assets/Models/Materials/Raw/Vaultwall_corner/standardSurface1_Height.png using Guid(6385d26325932794d98693755f164946) Importer(815301076,1909f56bfc062723c751e8b465ee728b)  -> (artifact id: '67e04c57ce475e6fc134249f706b7c6c') in 0.046117 seconds
Number of updated asset objects reloaded before import = 0
Number of asset objects unloaded after import = 2
========================================================================
Received Import Request.
  Time since last request: 0.001182 seconds.
  path: Assets/Models/Materials/Raw/flipperbookred/standardSurface1_Normal_OpenGL.png
  artifactKey: Guid(c675d73f1ebee034ca5b27f5e4b24905) Importer(815301076,1909f56bfc062723c751e8b465ee728b)
Start importing Assets/Models/Materials/Raw/flipperbookred/standardSurface1_Normal_OpenGL.png using Guid(c675d73f1ebee034ca5b27f5e4b24905) Importer(815301076,1909f56bfc062723c751e8b465ee728b)  -> (artifact id: 'e0f6da47246de01e4c9bda5e975e632c') in 0.029101 seconds
Number of updated asset objects reloaded before import = 0
Number of asset objects unloaded after import = 2
========================================================================
Received Import Request.
  Time since last request: 0.000098 seconds.
  path: Assets/Models/Materials/Raw/Space/Space_Default_Material_MaskMap.png
  artifactKey: Guid(cb3bf6bedaadc4c4096c1c30d579eace) Importer(815301076,1909f56bfc062723c751e8b465ee728b)
Start importing Assets/Models/Materials/Raw/Space/Space_Default_Material_MaskMap.png using Guid(cb3bf6bedaadc4c4096c1c30d579eace) Importer(815301076,1909f56bfc062723c751e8b465ee728b)  -> (artifact id: 'f677cff0b6a3ea53b1f522436c4f2240') in 0.036530 seconds
Number of updated asset objects reloaded before import = 0
Number of asset objects unloaded after import = 2
========================================================================
Received Import Request.
  Time since last request: 0.000155 seconds.
  path: Assets/Models/Materials/Raw/Ghost Red/standardSurface1_Metallic.png
  artifactKey: Guid(85ea738a85f35e34bb2670c312998986) Importer(815301076,1909f56bfc062723c751e8b465ee728b)
Start importing Assets/Models/Materials/Raw/Ghost Red/standardSurface1_Metallic.png using Guid(85ea738a85f35e34bb2670c312998986) Importer(815301076,1909f56bfc062723c751e8b465ee728b)  -> (artifact id: '094fe97454626739aa886e5f69e8b8a5') in 0.017699 seconds
Number of updated asset objects reloaded before import = 0
Number of asset objects unloaded after import = 2
========================================================================
Received Import Request.
  Time since last request: 0.000161 seconds.
  path: Assets/Models/Materials/Raw/Libflipper/standardSurface1_Base_color.png
  artifactKey: Guid(39493e31c8fbf0b469690e198abef314) Importer(815301076,1909f56bfc062723c751e8b465ee728b)
Start importing Assets/Models/Materials/Raw/Libflipper/standardSurface1_Base_color.png using Guid(39493e31c8fbf0b469690e198abef314) Importer(815301076,1909f56bfc062723c751e8b465ee728b)  -> (artifact id: 'ebb7a540a22a76279bfb093789681df4') in 0.022403 seconds
Number of updated asset objects reloaded before import = 0
Number of asset objects unloaded after import = 2
========================================================================
Received Import Request.
  Time since last request: 0.000260 seconds.
  path: Assets/Models/Materials/Raw/Space/Space_Default_Material_BaseMap.png
  artifactKey: Guid(7fc8f523fb3185845a15340e1545f503) Importer(815301076,1909f56bfc062723c751e8b465ee728b)
Start importing Assets/Models/Materials/Raw/Space/Space_Default_Material_BaseMap.png using Guid(7fc8f523fb3185845a15340e1545f503) Importer(815301076,1909f56bfc062723c751e8b465ee728b)  -> (artifact id: '8011d2dade29d9dcad509249c40accc7') in 0.025894 seconds
Number of updated asset objects reloaded before import = 0
Number of asset objects unloaded after import = 2
========================================================================
Received Import Request.
  Time since last request: 0.000668 seconds.
  path: Assets/Models/Materials/Raw/Vaultwall_corner/standardSurface1_Metallic.png
  artifactKey: Guid(92f6c6c5246c6714baac3cebc695a8ae) Importer(815301076,1909f56bfc062723c751e8b465ee728b)
Start importing Assets/Models/Materials/Raw/Vaultwall_corner/standardSurface1_Metallic.png using Guid(92f6c6c5246c6714baac3cebc695a8ae) Importer(815301076,1909f56bfc062723c751e8b465ee728b)  -> (artifact id: '2f34613bc9fe5b2acaa6f44520921eaf') in 0.022016 seconds
Number of updated asset objects reloaded before import = 0
Number of asset objects unloaded after import = 2
========================================================================
Received Import Request.
  Time since last request: 0.000017 seconds.
  path: Assets/Models/Materials/Raw/bookcasebumper/standardSurface1_Normal_OpenGL.png
  artifactKey: Guid(93607bca6cccfe14cae90638d7426df3) Importer(815301076,1909f56bfc062723c751e8b465ee728b)
Start importing Assets/Models/Materials/Raw/bookcasebumper/standardSurface1_Normal_OpenGL.png using Guid(93607bca6cccfe14cae90638d7426df3) Importer(815301076,1909f56bfc062723c751e8b465ee728b)  -> (artifact id: 'ad263c1d82929c73c45ee447b8abe882') in 0.017252 seconds
Number of updated asset objects reloaded before import = 0
Number of asset objects unloaded after import = 2
========================================================================
Received Import Request.
  Time since last request: 0.000019 seconds.
  path: Assets/Models/Materials/Raw/Libflipper/standardSurface1_Metallic.png
  artifactKey: Guid(d31068710115f18439d7cba2a9bafc5e) Importer(815301076,1909f56bfc062723c751e8b465ee728b)
Start importing Assets/Models/Materials/Raw/Libflipper/standardSurface1_Metallic.png using Guid(d31068710115f18439d7cba2a9bafc5e) Importer(815301076,1909f56bfc062723c751e8b465ee728b)  -> (artifact id: '1b8081577fed781db4b9cb8df97f793c') in 0.025242 seconds
Number of updated asset objects reloaded before import = 0
Number of asset objects unloaded after import = 2
========================================================================
Received Import Request.
  Time since last request: 0.000029 seconds.
  path: Assets/Models/Materials/Raw/Arrow Keys/ArrowKeys_Default_Material_BaseMap.png
  artifactKey: Guid(c837d412367f89845b47493b473840e0) Importer(815301076,1909f56bfc062723c751e8b465ee728b)
Start importing Assets/Models/Materials/Raw/Arrow Keys/ArrowKeys_Default_Material_BaseMap.png using Guid(c837d412367f89845b47493b473840e0) Importer(815301076,1909f56bfc062723c751e8b465ee728b)  -> (artifact id: '7cbabdb7a9d0fab8563ea6d73f994755') in 0.021854 seconds
Number of updated asset objects reloaded before import = 0
Number of asset objects unloaded after import = 2
========================================================================
Received Import Request.
  Time since last request: 0.002452 seconds.
  path: Assets/Models/Materials/Raw/Ghost Red/standardSurface1_Height.png
  artifactKey: Guid(d3aa9aa26b34aee48ab53e4db14a4caf) Importer(815301076,1909f56bfc062723c751e8b465ee728b)
Start importing Assets/Models/Materials/Raw/Ghost Red/standardSurface1_Height.png using Guid(d3aa9aa26b34aee48ab53e4db14a4caf) Importer(815301076,1909f56bfc062723c751e8b465ee728b)  -> (artifact id: 'c07addf9bb4a9e2acdc14dca2a66262f') in 0.018516 seconds
Number of updated asset objects reloaded before import = 0
Number of asset objects unloaded after import = 2
========================================================================
Received Import Request.
  Time since last request: 50.760641 seconds.
  path: Assets/Models/Materials/Raw/Vaultwall_corner/standardSurface1_Normal_OpenGL.png
  artifactKey: Guid(668fa1ce0966fcc4bbba9e63ef776f93) Importer(815301076,1909f56bfc062723c751e8b465ee728b)
Start importing Assets/Models/Materials/Raw/Vaultwall_corner/standardSurface1_Normal_OpenGL.png using Guid(668fa1ce0966fcc4bbba9e63ef776f93) Importer(815301076,1909f56bfc062723c751e8b465ee728b)  -> (artifact id: '7dfce08455990f591f0557e04300b9f6') in 0.015700 seconds
Number of updated asset objects reloaded before import = 0
Number of asset objects unloaded after import = 2
========================================================================
Received Import Request.
  Time since last request: 0.001359 seconds.
  path: Assets/Models/Materials/Raw/flipperbookblack/standardSurface1_Metallic.png
  artifactKey: Guid(335adad68e19314438c7c7fc1d454ef2) Importer(815301076,1909f56bfc062723c751e8b465ee728b)
Start importing Assets/Models/Materials/Raw/flipperbookblack/standardSurface1_Metallic.png using Guid(335adad68e19314438c7c7fc1d454ef2) Importer(815301076,1909f56bfc062723c751e8b465ee728b)  -> (artifact id: '7225933887a35accc9335895a79f6344') in 0.014982 seconds
Number of updated asset objects reloaded before import = 0
Number of asset objects unloaded after import = 2
========================================================================
Received Import Request.
  Time since last request: 0.013323 seconds.
  path: Assets/Models/Materials/Raw/flipperbookpurple/standardSurface1_Metallic.png
  artifactKey: Guid(b2a00e54912686142850e76eb9fd2afc) Importer(815301076,1909f56bfc062723c751e8b465ee728b)
Start importing Assets/Models/Materials/Raw/flipperbookpurple/standardSurface1_Metallic.png using Guid(b2a00e54912686142850e76eb9fd2afc) Importer(815301076,1909f56bfc062723c751e8b465ee728b)  -> (artifact id: '975bed4d04f0a631e4058ae818a3042b') in 0.022432 seconds
Number of updated asset objects reloaded before import = 0
Number of asset objects unloaded after import = 2
========================================================================
Received Import Request.
  Time since last request: 0.005715 seconds.
  path: Assets/Models/Materials/Raw/flipperbookred/standardSurface1_Base_color.png
  artifactKey: Guid(0f948d2e994f2284a813a4b9a4bef1f4) Importer(815301076,1909f56bfc062723c751e8b465ee728b)
Start importing Assets/Models/Materials/Raw/flipperbookred/standardSurface1_Base_color.png using Guid(0f948d2e994f2284a813a4b9a4bef1f4) Importer(815301076,1909f56bfc062723c751e8b465ee728b)  -> (artifact id: 'ae96950b43a8861a95431ce16fbdadbc') in 0.032051 seconds
Number of updated asset objects reloaded before import = 0
Number of asset objects unloaded after import = 2
========================================================================
Received Import Request.
  Time since last request: 0.001562 seconds.
  path: Assets/TextMesh Pro/Fonts/LiberationSans.ttf
  artifactKey: Guid(e3265ab4bf004d28a9537516768c1c75) Importer(815301076,1909f56bfc062723c751e8b465ee728b)
Start importing Assets/TextMesh Pro/Fonts/LiberationSans.ttf using Guid(e3265ab4bf004d28a9537516768c1c75) Importer(815301076,1909f56bfc062723c751e8b465ee728b)  -> (artifact id: '868ae7279cb8681e901fb13a12c8cb7e') in 0.036667 seconds
Number of updated asset objects reloaded before import = 0
Number of asset objects unloaded after import = 4
========================================================================
Received Import Request.
  Time since last request: 0.000043 seconds.
  path: Assets/Models/Materials/Raw/LeftShift/LeftShift_Default_Material_Normal.png
  artifactKey: Guid(6197d8d55ed1be64489b8cba3ba8a043) Importer(815301076,1909f56bfc062723c751e8b465ee728b)
Start importing Assets/Models/Materials/Raw/LeftShift/LeftShift_Default_Material_Normal.png using Guid(6197d8d55ed1be64489b8cba3ba8a043) Importer(815301076,1909f56bfc062723c751e8b465ee728b)  -> (artifact id: '02646dacc6800e796345b6edc8f3b2ef') in 0.028683 seconds
Number of updated asset objects reloaded before import = 0
Number of asset objects unloaded after import = 2
========================================================================
Received Import Request.
  Time since last request: 13.830974 seconds.
  path: Assets/Models/Materials/Raw/leftbookcasebumper/standardSurface1_Normal.png
  artifactKey: Guid(b363521b9cddc504bb8042754d704923) Importer(815301076,1909f56bfc062723c751e8b465ee728b)
Start importing Assets/Models/Materials/Raw/leftbookcasebumper/standardSurface1_Normal.png using Guid(b363521b9cddc504bb8042754d704923) Importer(815301076,1909f56bfc062723c751e8b465ee728b)  -> (artifact id: 'feb98bae90f9cb2399bceb3bae6bfe28') in 0.030154 seconds
Number of updated asset objects reloaded before import = 0
Number of asset objects unloaded after import = 2
========================================================================
Received Import Request.
  Time since last request: 0.013015 seconds.
  path: Assets/Models/Materials/Raw/Bookred/standardSurface1_Height.png
  artifactKey: Guid(20c5880076acda64680d6a47921a1cf2) Importer(815301076,1909f56bfc062723c751e8b465ee728b)
Start importing Assets/Models/Materials/Raw/Bookred/standardSurface1_Height.png using Guid(20c5880076acda64680d6a47921a1cf2) Importer(815301076,1909f56bfc062723c751e8b465ee728b)  -> (artifact id: 'ce52a963a8d725cc824b4c01b0a707c9') in 0.023486 seconds
Number of updated asset objects reloaded before import = 0
Number of asset objects unloaded after import = 2
Editor requested this worker to shutdown with reason: Scaling down because of idle timeout
TcpMessagingSession - receive error: operation aborted. errorcode: 995, details: The I/O operation has been aborted because of either a thread exit or an application request.
AssetImportWorker is now disconnected from the server
Process exiting
Exiting without the bug reporter. Application will terminate with return code 0