Using pre-set license
Built from '2022.3/staging' branch; Version is '2022.3.24f1 (334eb2a0b267) revision 3362482'; Using compiler version '192829333'; Build Type 'Release'
OS: 'Windows 10  (10.0.19045) 64bit Core' Language: 'en' Physical Memory: 16333 MB
BatchMode: 1, IsHumanControllingUs: 0, StartBugReporterOnCrash: 0, Is64bit: 1, IsPro: 1

COMMAND LINE ARGUMENTS:
D:\programe files x2\Unity\Editor\2022.3.24f1\Editor\Unity.exe
-adb2
-batchMode
-noUpm
-name
AssetImportWorker11
-projectPath
H:/Uni/Capstone/Game/PinballAscension
-logFile
Logs/AssetImportWorker11.log
-srvPort
59344
Successfully changed project path to: H:/Uni/Capstone/Game/PinballAscension
H:/Uni/Capstone/Game/PinballAscension
[UnityMemory] Configuration Parameters - Can be set up in boot.config
    "memorysetup-bucket-allocator-granularity=16"
    "memorysetup-bucket-allocator-bucket-count=8"
    "memorysetup-bucket-allocator-block-size=33554432"
    "memorysetup-bucket-allocator-block-count=8"
    "memorysetup-main-allocator-block-size=16777216"
    "memorysetup-thread-allocator-block-size=16777216"
    "memorysetup-gfx-main-allocator-block-size=16777216"
    "memorysetup-gfx-thread-allocator-block-size=16777216"
    "memorysetup-cache-allocator-block-size=4194304"
    "memorysetup-typetree-allocator-block-size=2097152"
    "memorysetup-profiler-bucket-allocator-granularity=16"
    "memorysetup-profiler-bucket-allocator-bucket-count=8"
    "memorysetup-profiler-bucket-allocator-block-size=33554432"
    "memorysetup-profiler-bucket-allocator-block-count=8"
    "memorysetup-profiler-allocator-block-size=16777216"
    "memorysetup-profiler-editor-allocator-block-size=1048576"
    "memorysetup-temp-allocator-size-main=16777216"
    "memorysetup-job-temp-allocator-block-size=2097152"
    "memorysetup-job-temp-allocator-block-size-background=1048576"
    "memorysetup-job-temp-allocator-reduction-small-platforms=262144"
    "memorysetup-allocator-temp-initial-block-size-main=262144"
    "memorysetup-allocator-temp-initial-block-size-worker=262144"
    "memorysetup-temp-allocator-size-background-worker=32768"
    "memorysetup-temp-allocator-size-job-worker=262144"
    "memorysetup-temp-allocator-size-preload-manager=33554432"
    "memorysetup-temp-allocator-size-nav-mesh-worker=65536"
    "memorysetup-temp-allocator-size-audio-worker=65536"
    "memorysetup-temp-allocator-size-cloud-worker=32768"
    "memorysetup-temp-allocator-size-gi-baking-worker=262144"
    "memorysetup-temp-allocator-size-gfx=262144"
Player connection [34844] Host "[IP] 192.168.8.145 [Port] 0 [Flags] 2 [Guid] 1260427470 [EditorId] 1260427470 [Version] 1048832 [Id] WindowsEditor(7,DESKTOP-DET9CBS) [Debug] 1 [PackageName] WindowsEditor [ProjectName] Editor" joined multi-casting on [225.0.0.222:54997]...

Player connection [34844] Host "[IP] 192.168.8.145 [Port] 0 [Flags] 2 [Guid] 1260427470 [EditorId] 1260427470 [Version] 1048832 [Id] WindowsEditor(7,DESKTOP-DET9CBS) [Debug] 1 [PackageName] WindowsEditor [ProjectName] Editor" joined alternative multi-casting on [225.0.0.222:34997]...

[Physics::Module] Initialized MultithreadedJobDispatcher with 5 workers.
Refreshing native plugins compatible for Editor in 10.81 ms, found 3 plugins.
Preloading 0 native plugins for Editor in 0.00 ms.
Initialize engine version: 2022.3.24f1 (334eb2a0b267)
[Subsystems] Discovering subsystems at path D:/programe files x2/Unity/Editor/2022.3.24f1/Editor/Data/Resources/UnitySubsystems
[Subsystems] Discovering subsystems at path H:/Uni/Capstone/Game/PinballAscension/Assets
GfxDevice: creating device client; threaded=0; jobified=0
Direct3D:
    Version:  Direct3D 11.0 [level 11.1]
    Renderer: NVIDIA GeForce GTX 1070 (ID=0x1b81)
    Vendor:   NVIDIA
    VRAM:     8067 MB
    Driver:   32.0.15.5599
Initialize mono
Mono path[0] = 'D:/programe files x2/Unity/Editor/2022.3.24f1/Editor/Data/Managed'
Mono path[1] = 'D:/programe files x2/Unity/Editor/2022.3.24f1/Editor/Data/MonoBleedingEdge/lib/mono/unityjit-win32'
Mono config path = 'D:/programe files x2/Unity/Editor/2022.3.24f1/Editor/Data/MonoBleedingEdge/etc'
Using monoOptions --debugger-agent=transport=dt_socket,embedding=1,server=y,suspend=n,address=127.0.0.1:56996
Begin MonoManager ReloadAssembly
Registering precompiled unity dll's ...
Register platform support module: D:/programe files x2/Unity/Editor/2022.3.24f1/Editor/Data/PlaybackEngines/WindowsStandaloneSupport/UnityEditor.WindowsStandalone.Extensions.dll
Registered in 0.005057 seconds.
- Loaded All Assemblies, in  0.380 seconds
Native extension for WindowsStandalone target not found
Mono: successfully reloaded assembly
- Finished resetting the current domain, in  0.277 seconds
Domain Reload Profiling: 657ms
	BeginReloadAssembly (138ms)
		ExecutionOrderSort (0ms)
		DisableScriptedObjects (0ms)
		BackupInstance (0ms)
		ReleaseScriptingObjects (0ms)
		CreateAndSetChildDomain (1ms)
	RebuildCommonClasses (35ms)
	RebuildNativeTypeToScriptingClass (11ms)
	initialDomainReloadingComplete (51ms)
	LoadAllAssembliesAndSetupDomain (145ms)
		LoadAssemblies (137ms)
		RebuildTransferFunctionScriptingTraits (0ms)
		AnalyzeDomain (143ms)
			TypeCache.Refresh (141ms)
				TypeCache.ScanAssembly (126ms)
			ScanForSourceGeneratedMonoScriptInfo (0ms)
			ResolveRequiredComponents (0ms)
	FinalizeReload (277ms)
		ReleaseScriptCaches (0ms)
		RebuildScriptCaches (0ms)
		SetupLoadedEditorAssemblies (219ms)
			LogAssemblyErrors (0ms)
			InitializePlatformSupportModulesInManaged (8ms)
			SetLoadedEditorAssemblies (7ms)
			RefreshPlugins (0ms)
			BeforeProcessingInitializeOnLoad (2ms)
			ProcessInitializeOnLoadAttributes (151ms)
			ProcessInitializeOnLoadMethodAttributes (49ms)
			AfterProcessingInitializeOnLoad (0ms)
			EditorAssembliesLoaded (0ms)
		ExecutionOrderSort2 (0ms)
		AwakeInstancesAfterBackupRestoration (0ms)
========================================================================
Worker process is ready to serve import requests
Begin MonoManager ReloadAssembly
- Loaded All Assemblies, in  1.454 seconds
Refreshing native plugins compatible for Editor in 4.99 ms, found 3 plugins.
Native extension for WindowsStandalone target not found
Package Manager log level set to [2]
[Package Manager] Server::EnsureServerProcessIsRunning -- launch failed, reason: Unity was launched with the -noUpm command-line argument
[Package Manager] UpmClient::Send -- Unable to send message (not connected to UPM process).
[Package Manager] Cannot connect to Unity Package Manager local server
Mono: successfully reloaded assembly
- Finished resetting the current domain, in  0.747 seconds
Domain Reload Profiling: 2200ms
	BeginReloadAssembly (174ms)
		ExecutionOrderSort (0ms)
		DisableScriptedObjects (6ms)
		BackupInstance (0ms)
		ReleaseScriptingObjects (0ms)
		CreateAndSetChildDomain (21ms)
	RebuildCommonClasses (71ms)
	RebuildNativeTypeToScriptingClass (32ms)
	initialDomainReloadingComplete (303ms)
	LoadAllAssembliesAndSetupDomain (872ms)
		LoadAssemblies (610ms)
		RebuildTransferFunctionScriptingTraits (0ms)
		AnalyzeDomain (373ms)
			TypeCache.Refresh (331ms)
				TypeCache.ScanAssembly (306ms)
			ScanForSourceGeneratedMonoScriptInfo (30ms)
			ResolveRequiredComponents (8ms)
	FinalizeReload (748ms)
		ReleaseScriptCaches (0ms)
		RebuildScriptCaches (0ms)
		SetupLoadedEditorAssemblies (521ms)
			LogAssemblyErrors (0ms)
			InitializePlatformSupportModulesInManaged (8ms)
			SetLoadedEditorAssemblies (5ms)
			RefreshPlugins (0ms)
			BeforeProcessingInitializeOnLoad (74ms)
			ProcessInitializeOnLoadAttributes (404ms)
			ProcessInitializeOnLoadMethodAttributes (26ms)
			AfterProcessingInitializeOnLoad (4ms)
			EditorAssembliesLoaded (0ms)
		ExecutionOrderSort2 (0ms)
		AwakeInstancesAfterBackupRestoration (8ms)
Launched and connected shader compiler UnityShaderCompiler.exe after 0.06 seconds
Refreshing native plugins compatible for Editor in 11.55 ms, found 3 plugins.
Preloading 0 native plugins for Editor in 0.00 ms.
Unloading 3544 Unused Serialized files (Serialized files now loaded: 0)
Unloading 37 unused Assets / (106.5 KB). Loaded Objects now: 4010.
Memory consumption went from 144.2 MB to 144.1 MB.
Total: 31.622000 ms (FindLiveObjects: 0.301000 ms CreateObjectMapping: 0.565700 ms MarkObjects: 30.557500 ms  DeleteObjects: 0.196900 ms)

AssetImportParameters requested are different than current active one (requested -> active):
  custom:container-demuxer-ogg: 62fdf1f143b41e24485cea50d1cbac27 -> 
  custom:video-decoder-ogg-theora: a1e56fd34408186e4bbccfd4996cb3dc -> 
  custom:framework-win-MediaFoundation: 216162199b28c13a410421893ffa2e32 -> 
  custom:CustomObjectIndexerAttribute: 9a22284fe3817be447336de3de66b15e -> 
  custom:container-demuxer-webm: 4f35f7cbe854078d1ac9338744f61a02 -> 
  custom:container-muxer-webm: aa71ff27fc2769a1b78a27578f13a17b -> 
  custom:video-decoder-webm-vp8: 9c59270c3fd7afecdb556c50c9e8de78 -> 
  custom:SearchIndexIgnoredProperties: e643bd26f0fe6173181afceb89e7c659 -> 
  custom:AudioImporter_EditorPlatform: d09bf68614088b80899f8185d706f6e7 -> 
  custom:video-encoder-webm-vp8: eb34c28f22e8b96e1ab97ce403110664 -> 
  custom:audio-decoder-ogg-vorbis: bf7c407c2cedff20999df2af8eb42d56 -> 
  custom:audio-encoder-webm-vorbis: bf7c407c2cedff20999df2af8eb42d56 -> 
========================================================================
Received Import Request.
  Time since last request: 787655.016204 seconds.
  path: Assets/Models/Materials/Raw/Treasurechest/standardSurface1_Normal_OpenGL.png
  artifactKey: Guid(89dc9faba9397dc4984302c30d8b7162) Importer(815301076,1909f56bfc062723c751e8b465ee728b)
Start importing Assets/Models/Materials/Raw/Treasurechest/standardSurface1_Normal_OpenGL.png using Guid(89dc9faba9397dc4984302c30d8b7162) Importer(815301076,1909f56bfc062723c751e8b465ee728b)  -> (artifact id: 'd9054988ac2f12e7807dc23f3b9349ad') in 0.209777 seconds
Number of updated asset objects reloaded before import = 0
Number of asset objects unloaded after import = 2
========================================================================
Received Import Request.
  Time since last request: 13.804400 seconds.
  path: Assets/Models/Materials/Raw/Vaultwall_corner/standardSurface1_Normal.png
  artifactKey: Guid(b805d118403c8094da66e707ab7d0b41) Importer(815301076,1909f56bfc062723c751e8b465ee728b)
Start importing Assets/Models/Materials/Raw/Vaultwall_corner/standardSurface1_Normal.png using Guid(b805d118403c8094da66e707ab7d0b41) Importer(815301076,1909f56bfc062723c751e8b465ee728b)  -> (artifact id: 'dfb454633d257a6475757e52a6c14080') in 0.028693 seconds
Number of updated asset objects reloaded before import = 0
Number of asset objects unloaded after import = 2
========================================================================
Received Import Request.
  Time since last request: 0.028180 seconds.
  path: Assets/Models/Materials/Raw/flipperbookblack/standardSurface1_Height.png
  artifactKey: Guid(0ed62ab4c43bfad4ba01b83024ae4933) Importer(815301076,1909f56bfc062723c751e8b465ee728b)
Start importing Assets/Models/Materials/Raw/flipperbookblack/standardSurface1_Height.png using Guid(0ed62ab4c43bfad4ba01b83024ae4933) Importer(815301076,1909f56bfc062723c751e8b465ee728b)  -> (artifact id: '17685b5b3576c332158414593db31593') in 0.030494 seconds
Number of updated asset objects reloaded before import = 0
Number of asset objects unloaded after import = 2
========================================================================
Received Import Request.
  Time since last request: 0.005697 seconds.
  path: Assets/Models/Materials/Raw/leftbookcasebumper/standardSurface1_Base_color.png
  artifactKey: Guid(2e4a9959e59727e4c87ba0a748a925d8) Importer(815301076,1909f56bfc062723c751e8b465ee728b)
Start importing Assets/Models/Materials/Raw/leftbookcasebumper/standardSurface1_Base_color.png using Guid(2e4a9959e59727e4c87ba0a748a925d8) Importer(815301076,1909f56bfc062723c751e8b465ee728b)  -> (artifact id: '513f01f078f97aa594f3b76aa031518e') in 0.020164 seconds
Number of updated asset objects reloaded before import = 0
Number of asset objects unloaded after import = 2
========================================================================
Received Import Request.
  Time since last request: 0.023873 seconds.
  path: Assets/Models/Materials/Raw/CryptDoor/Crypt_door_standardSurface1_MaskMap.png
  artifactKey: Guid(eed0d460a682b6e4abb050e475f0379b) Importer(815301076,1909f56bfc062723c751e8b465ee728b)
Start importing Assets/Models/Materials/Raw/CryptDoor/Crypt_door_standardSurface1_MaskMap.png using Guid(eed0d460a682b6e4abb050e475f0379b) Importer(815301076,1909f56bfc062723c751e8b465ee728b)  -> (artifact id: 'eb214d89fce4d108daaa5c7a111f6613') in 0.043075 seconds
Number of updated asset objects reloaded before import = 0
Number of asset objects unloaded after import = 2
========================================================================
Received Import Request.
  Time since last request: 66.722156 seconds.
  path: Assets/TextMesh Pro/Resources/Fonts & Materials/LiberationSans SDF.asset
  artifactKey: Guid(8f586378b4e144a9851e7b34d9b748ee) Importer(815301076,1909f56bfc062723c751e8b465ee728b)
Start importing Assets/TextMesh Pro/Resources/Fonts & Materials/LiberationSans SDF.asset using Guid(8f586378b4e144a9851e7b34d9b748ee) Importer(815301076,1909f56bfc062723c751e8b465ee728b)  -> (artifact id: '57cb0d0a4a733b356e121757519bbf83') in 0.095430 seconds
Number of updated asset objects reloaded before import = 0
Number of asset objects unloaded after import = 9
========================================================================
Received Import Request.
  Time since last request: 36.117793 seconds.
  path: Assets/Models/Materials/New Material 16.mat
  artifactKey: Guid(84c1df10589635245a961e8e2586ee94) Importer(815301076,1909f56bfc062723c751e8b465ee728b)
Start importing Assets/Models/Materials/New Material 16.mat using Guid(84c1df10589635245a961e8e2586ee94) Importer(815301076,1909f56bfc062723c751e8b465ee728b)  -> (artifact id: '02c8219508c3011fc682d1172b4a209d') in 0.030823 seconds
Number of updated asset objects reloaded before import = 0
Number of asset objects unloaded after import = 1
========================================================================
Received Import Request.
  Time since last request: 10.967546 seconds.
  path: Assets/Models/Materials/Gemcage.mat
  artifactKey: Guid(b8158ab848f21f44fb0cf61101e9e8e0) Importer(815301076,1909f56bfc062723c751e8b465ee728b)
Start importing Assets/Models/Materials/Gemcage.mat using Guid(b8158ab848f21f44fb0cf61101e9e8e0) Importer(815301076,1909f56bfc062723c751e8b465ee728b)  -> (artifact id: '2a3e1e6e77433b0228dba343cd9b814d') in 0.036872 seconds
Number of updated asset objects reloaded before import = 0
Number of asset objects unloaded after import = 5
========================================================================
Received Import Request.
  Time since last request: 32.775784 seconds.
  path: Assets/Models/Materials/vaultwall.mat
  artifactKey: Guid(abb49bacf565e894eb94af53b609ab72) Importer(815301076,1909f56bfc062723c751e8b465ee728b)
Start importing Assets/Models/Materials/vaultwall.mat using Guid(abb49bacf565e894eb94af53b609ab72) Importer(815301076,1909f56bfc062723c751e8b465ee728b)  -> (artifact id: 'ba944bb5efd2b3e6dcf417ec63cedb24') in 0.051324 seconds
Number of updated asset objects reloaded before import = 0
Number of asset objects unloaded after import = 5
========================================================================
Received Import Request.
  Time since last request: 311.025018 seconds.
  path: Assets/TextMesh Pro/Resources/Fonts & Materials/LiberationSans SDF - Outline.mat
  artifactKey: Guid(79459efec17a4d00a321bdcc27bbc385) Importer(815301076,1909f56bfc062723c751e8b465ee728b)
Start importing Assets/TextMesh Pro/Resources/Fonts & Materials/LiberationSans SDF - Outline.mat using Guid(79459efec17a4d00a321bdcc27bbc385) Importer(815301076,1909f56bfc062723c751e8b465ee728b)  -> (artifact id: '59aee84c18161846264fbeba54bf6f2d') in 0.056814 seconds
Number of updated asset objects reloaded before import = 0
Number of asset objects unloaded after import = 2
========================================================================
Received Import Request.
  Time since last request: 189.060732 seconds.
  path: Assets/Models/Vault_wall_corner.fbx
  artifactKey: Guid(ed254344bea0060429b54f7c137098db) Importer(815301076,1909f56bfc062723c751e8b465ee728b)
Start importing Assets/Models/Vault_wall_corner.fbx using Guid(ed254344bea0060429b54f7c137098db) Importer(815301076,1909f56bfc062723c751e8b465ee728b)  -> (artifact id: '3c26ee9adcc958cc8b1ce808463b415d') in 0.065823 seconds
Number of updated asset objects reloaded before import = 0
Number of asset objects unloaded after import = 8
========================================================================
Received Import Request.
  Time since last request: 48.768871 seconds.
  path: Assets/Models/Materials/Raw/leftbookcasebumper/standardSurface1_Metallic.png
  artifactKey: Guid(bb615d139c7220a42a0bf756e7e0373e) Importer(815301076,1909f56bfc062723c751e8b465ee728b)
Start importing Assets/Models/Materials/Raw/leftbookcasebumper/standardSurface1_Metallic.png using Guid(bb615d139c7220a42a0bf756e7e0373e) Importer(815301076,1909f56bfc062723c751e8b465ee728b)  -> (artifact id: '6144d71a079a5cc8ec67d4a356adf04f') in 0.022725 seconds
Number of updated asset objects reloaded before import = 0
Number of asset objects unloaded after import = 2
========================================================================
Received Import Request.
  Time since last request: 0.000017 seconds.
  path: Assets/Models/Materials/Raw/Gem/standardSurface1_Metallic.png
  artifactKey: Guid(d83945960f17a20449b9e2dd81509675) Importer(815301076,1909f56bfc062723c751e8b465ee728b)
Start importing Assets/Models/Materials/Raw/Gem/standardSurface1_Metallic.png using Guid(d83945960f17a20449b9e2dd81509675) Importer(815301076,1909f56bfc062723c751e8b465ee728b)  -> (artifact id: 'c00f2fa54f9bbdb1b6c985d6ab6eccdd') in 0.019439 seconds
Number of updated asset objects reloaded before import = 0
Number of asset objects unloaded after import = 2
========================================================================
Received Import Request.
  Time since last request: 0.044908 seconds.
  path: Assets/Models/Materials/Raw/Crypt/Crypt_standardSurface1_Normal.png
  artifactKey: Guid(3952f56cd2f25f24bb1b75f967141dad) Importer(815301076,1909f56bfc062723c751e8b465ee728b)
Start importing Assets/Models/Materials/Raw/Crypt/Crypt_standardSurface1_Normal.png using Guid(3952f56cd2f25f24bb1b75f967141dad) Importer(815301076,1909f56bfc062723c751e8b465ee728b)  -> (artifact id: '02b6e98567fb60ca4afe257d2a40c15d') in 0.023537 seconds
Number of updated asset objects reloaded before import = 0
Number of asset objects unloaded after import = 2
========================================================================
Received Import Request.
  Time since last request: 0.065110 seconds.
  path: Assets/Models/Materials/Raw/Altar/Altar_standardSurface1_MaskMap.png
  artifactKey: Guid(1fa7e1eda97e95b40a9f30c5afb66989) Importer(815301076,1909f56bfc062723c751e8b465ee728b)
Start importing Assets/Models/Materials/Raw/Altar/Altar_standardSurface1_MaskMap.png using Guid(1fa7e1eda97e95b40a9f30c5afb66989) Importer(815301076,1909f56bfc062723c751e8b465ee728b)  -> (artifact id: '45aabdad41ab67093c3618782aa3fd4a') in 0.015237 seconds
Number of updated asset objects reloaded before import = 0
Number of asset objects unloaded after import = 2
========================================================================
Received Import Request.
  Time since last request: 0.000018 seconds.
  path: Assets/Models/Materials/Raw/Altar/Altar_standardSurface1_Normal.png
  artifactKey: Guid(9fa7d483d1f5e74408479072f7f3f728) Importer(815301076,1909f56bfc062723c751e8b465ee728b)
Start importing Assets/Models/Materials/Raw/Altar/Altar_standardSurface1_Normal.png using Guid(9fa7d483d1f5e74408479072f7f3f728) Importer(815301076,1909f56bfc062723c751e8b465ee728b)  -> (artifact id: '8b252949169094c182f5d37ce05d31c1') in 0.017752 seconds
Number of updated asset objects reloaded before import = 0
Number of asset objects unloaded after import = 2
========================================================================
Received Import Request.
  Time since last request: 344.990829 seconds.
  path: Assets/Prefabs/Components/LeftFlipperVault.prefab
  artifactKey: Guid(9dd701ad778f2f545acbdb82c7d05d75) Importer(815301076,1909f56bfc062723c751e8b465ee728b)
Start importing Assets/Prefabs/Components/LeftFlipperVault.prefab using Guid(9dd701ad778f2f545acbdb82c7d05d75) Importer(815301076,1909f56bfc062723c751e8b465ee728b)  -> (artifact id: '4099888174f29c9b8a2f5b27e00b56be') in 0.250394 seconds
Number of updated asset objects reloaded before import = 0
Number of asset objects unloaded after import = 1612
========================================================================
Received Import Request.
  Time since last request: 0.000027 seconds.
  path: Assets/Prefabs/Components/RightFlipperBookcase.prefab
  artifactKey: Guid(16507c5b1a1872b40bc2f5dd86b3e550) Importer(815301076,1909f56bfc062723c751e8b465ee728b)
Start importing Assets/Prefabs/Components/RightFlipperBookcase.prefab using Guid(16507c5b1a1872b40bc2f5dd86b3e550) Importer(815301076,1909f56bfc062723c751e8b465ee728b)  -> (artifact id: '79666e47b3ffe7297976bfa16f25e432') in 0.127150 seconds
Number of updated asset objects reloaded before import = 0
Number of asset objects unloaded after import = 1090
========================================================================
Received Import Request.
  Time since last request: 1.996450 seconds.
  path: Assets/Prefabs/Components/Bookcase_deadbumper.prefab
  artifactKey: Guid(7fc57fe0adb7a514a855f015cf7401eb) Importer(815301076,1909f56bfc062723c751e8b465ee728b)
Start importing Assets/Prefabs/Components/Bookcase_deadbumper.prefab using Guid(7fc57fe0adb7a514a855f015cf7401eb) Importer(815301076,1909f56bfc062723c751e8b465ee728b)  -> (artifact id: '2293f3d7766c15e5c0f3b0519c758116') in 0.227943 seconds
Number of updated asset objects reloaded before import = 0
Number of asset objects unloaded after import = 177
========================================================================
Received Import Request.
  Time since last request: 0.000074 seconds.
  path: Assets/Prefabs/Components/BookFlipper.prefab
  artifactKey: Guid(879585a18eef1c549a974bb697a26ca8) Importer(815301076,1909f56bfc062723c751e8b465ee728b)
Start importing Assets/Prefabs/Components/BookFlipper.prefab using Guid(879585a18eef1c549a974bb697a26ca8) Importer(815301076,1909f56bfc062723c751e8b465ee728b)  -> (artifact id: 'a945bf89d6c18f46b3b0c7466874d764') in 0.360884 seconds
Number of updated asset objects reloaded before import = 0
Number of asset objects unloaded after import = 342
========================================================================
Received Import Request.
  Time since last request: 0.000035 seconds.
  path: Assets/Prefabs/Components/BookcaseBumper2.prefab
  artifactKey: Guid(0ddb2f1a6699b0344a4ff6abdbf73347) Importer(815301076,1909f56bfc062723c751e8b465ee728b)
Start importing Assets/Prefabs/Components/BookcaseBumper2.prefab using Guid(0ddb2f1a6699b0344a4ff6abdbf73347) Importer(815301076,1909f56bfc062723c751e8b465ee728b)  -> (artifact id: 'd7d7ee36c600f611f1238abe8cfcec91') in 0.202076 seconds
Number of updated asset objects reloaded before import = 0
Number of asset objects unloaded after import = 640
========================================================================
Received Import Request.
  Time since last request: 9.725167 seconds.
  path: Assets/Prefabs/Components/Bookcases_deadbumper.prefab
  artifactKey: Guid(fdd4a6073a2bbe945a97450f2bfcbcc7) Importer(815301076,1909f56bfc062723c751e8b465ee728b)
Start importing Assets/Prefabs/Components/Bookcases_deadbumper.prefab using Guid(fdd4a6073a2bbe945a97450f2bfcbcc7) Importer(815301076,1909f56bfc062723c751e8b465ee728b)  -> (artifact id: '2d165c070137ffff25d3d854ab1c746a') in 0.052233 seconds
Number of updated asset objects reloaded before import = 0
Number of asset objects unloaded after import = 652
========================================================================
Received Import Request.
  Time since last request: 0.939435 seconds.
  path: Assets/Prefabs/Components/Bookcases_deadbumper.prefab
  artifactKey: Guid(fdd4a6073a2bbe945a97450f2bfcbcc7) Importer(815301076,1909f56bfc062723c751e8b465ee728b)
Start importing Assets/Prefabs/Components/Bookcases_deadbumper.prefab using Guid(fdd4a6073a2bbe945a97450f2bfcbcc7) Importer(815301076,1909f56bfc062723c751e8b465ee728b)  -> (artifact id: 'de4d25a42bb8ebe340d6fe3a0860c4f7') in 0.052497 seconds
Number of updated asset objects reloaded before import = 0
Number of asset objects unloaded after import = 652
========================================================================
Received Import Request.
  Time since last request: 4.184458 seconds.
  path: Assets/Prefabs/Components/Bookcases_deadbumper.prefab
  artifactKey: Guid(fdd4a6073a2bbe945a97450f2bfcbcc7) Importer(815301076,1909f56bfc062723c751e8b465ee728b)
Start importing Assets/Prefabs/Components/Bookcases_deadbumper.prefab using Guid(fdd4a6073a2bbe945a97450f2bfcbcc7) Importer(815301076,1909f56bfc062723c751e8b465ee728b)  -> (artifact id: 'af4d60dd3abd52e161fefba607941bec') in 0.050554 seconds
Number of updated asset objects reloaded before import = 0
Number of asset objects unloaded after import = 652
========================================================================
Received Import Request.
  Time since last request: 12.871073 seconds.
  path: Assets/Prefabs/Components/Bookcases_deadbumper.prefab
  artifactKey: Guid(fdd4a6073a2bbe945a97450f2bfcbcc7) Importer(815301076,1909f56bfc062723c751e8b465ee728b)
Start importing Assets/Prefabs/Components/Bookcases_deadbumper.prefab using Guid(fdd4a6073a2bbe945a97450f2bfcbcc7) Importer(815301076,1909f56bfc062723c751e8b465ee728b)  -> (artifact id: '7bad72b1f9e9381b52e079f9d94152ae') in 0.064186 seconds
Number of updated asset objects reloaded before import = 0
Number of asset objects unloaded after import = 652
========================================================================
Received Import Request.
  Time since last request: 3.968446 seconds.
  path: Assets/Prefabs/Components/Bookcases_deadbumper.prefab
  artifactKey: Guid(fdd4a6073a2bbe945a97450f2bfcbcc7) Importer(815301076,1909f56bfc062723c751e8b465ee728b)
Start importing Assets/Prefabs/Components/Bookcases_deadbumper.prefab using Guid(fdd4a6073a2bbe945a97450f2bfcbcc7) Importer(815301076,1909f56bfc062723c751e8b465ee728b)  -> (artifact id: 'bea7ed1b32a9dc796b43ee7df8cb95f0') in 0.053820 seconds
Number of updated asset objects reloaded before import = 0
Number of asset objects unloaded after import = 652
========================================================================
Received Import Request.
  Time since last request: 4.785622 seconds.
  path: Assets/Prefabs/Components/Bookcases_deadbumper.prefab
  artifactKey: Guid(fdd4a6073a2bbe945a97450f2bfcbcc7) Importer(815301076,1909f56bfc062723c751e8b465ee728b)
Start importing Assets/Prefabs/Components/Bookcases_deadbumper.prefab using Guid(fdd4a6073a2bbe945a97450f2bfcbcc7) Importer(815301076,1909f56bfc062723c751e8b465ee728b)  -> (artifact id: 'dd7c2d5513b8c6564bf28f0077f3d9f8') in 0.056620 seconds
Number of updated asset objects reloaded before import = 0
Number of asset objects unloaded after import = 652
========================================================================
Received Import Request.
  Time since last request: 7.240494 seconds.
  path: Assets/Prefabs/Components/Bookcases_deadbumper.prefab
  artifactKey: Guid(fdd4a6073a2bbe945a97450f2bfcbcc7) Importer(815301076,1909f56bfc062723c751e8b465ee728b)
Start importing Assets/Prefabs/Components/Bookcases_deadbumper.prefab using Guid(fdd4a6073a2bbe945a97450f2bfcbcc7) Importer(815301076,1909f56bfc062723c751e8b465ee728b)  -> (artifact id: 'fb7e033985f2668a7d7603d52ef8d3f2') in 0.052763 seconds
Number of updated asset objects reloaded before import = 0
Number of asset objects unloaded after import = 652
========================================================================
Received Import Request.
  Time since last request: 40.613346 seconds.
  path: Assets/Prefabs/Components/Bookcases_deadbumper.prefab
  artifactKey: Guid(fdd4a6073a2bbe945a97450f2bfcbcc7) Importer(815301076,1909f56bfc062723c751e8b465ee728b)
Start importing Assets/Prefabs/Components/Bookcases_deadbumper.prefab using Guid(fdd4a6073a2bbe945a97450f2bfcbcc7) Importer(815301076,1909f56bfc062723c751e8b465ee728b)  -> (artifact id: '9a5fcbb17040559b4f9cbc3c35671e9a') in 0.058378 seconds
Number of updated asset objects reloaded before import = 0
Number of asset objects unloaded after import = 652
========================================================================
Received Import Request.
  Time since last request: 3.784050 seconds.
  path: Assets/Prefabs/Components/Bookcases_deadbumper.prefab
  artifactKey: Guid(fdd4a6073a2bbe945a97450f2bfcbcc7) Importer(815301076,1909f56bfc062723c751e8b465ee728b)
Start importing Assets/Prefabs/Components/Bookcases_deadbumper.prefab using Guid(fdd4a6073a2bbe945a97450f2bfcbcc7) Importer(815301076,1909f56bfc062723c751e8b465ee728b)  -> (artifact id: '87bcf153754e5102d52cdee6f48d8951') in 0.053772 seconds
Number of updated asset objects reloaded before import = 0
Number of asset objects unloaded after import = 652
========================================================================
Received Import Request.
  Time since last request: 1.968838 seconds.
  path: Assets/Prefabs/Components/Bookcases_deadbumper.prefab
  artifactKey: Guid(fdd4a6073a2bbe945a97450f2bfcbcc7) Importer(815301076,1909f56bfc062723c751e8b465ee728b)
Start importing Assets/Prefabs/Components/Bookcases_deadbumper.prefab using Guid(fdd4a6073a2bbe945a97450f2bfcbcc7) Importer(815301076,1909f56bfc062723c751e8b465ee728b)  -> (artifact id: '27a03f01e92e60e11374f2aa72b42a14') in 0.052791 seconds
Number of updated asset objects reloaded before import = 0
Number of asset objects unloaded after import = 652
========================================================================
Received Import Request.
  Time since last request: 5.393687 seconds.
  path: Assets/Prefabs/Components/Bookcases_deadbumper.prefab
  artifactKey: Guid(fdd4a6073a2bbe945a97450f2bfcbcc7) Importer(815301076,1909f56bfc062723c751e8b465ee728b)
Start importing Assets/Prefabs/Components/Bookcases_deadbumper.prefab using Guid(fdd4a6073a2bbe945a97450f2bfcbcc7) Importer(815301076,1909f56bfc062723c751e8b465ee728b)  -> (artifact id: '550a70cb8462a8c87133560f9fe40cf0') in 0.052404 seconds
Number of updated asset objects reloaded before import = 0
Number of asset objects unloaded after import = 652
========================================================================
Received Import Request.
  Time since last request: 5.421413 seconds.
  path: Assets/Prefabs/Components/Bookcases_deadbumper.prefab
  artifactKey: Guid(fdd4a6073a2bbe945a97450f2bfcbcc7) Importer(815301076,1909f56bfc062723c751e8b465ee728b)
Start importing Assets/Prefabs/Components/Bookcases_deadbumper.prefab using Guid(fdd4a6073a2bbe945a97450f2bfcbcc7) Importer(815301076,1909f56bfc062723c751e8b465ee728b)  -> (artifact id: '0d3da170705d44b48789f41899375f9e') in 0.071273 seconds
Number of updated asset objects reloaded before import = 0
Number of asset objects unloaded after import = 652
========================================================================
Received Import Request.
  Time since last request: 17.708756 seconds.
  path: Assets/Prefabs/Components/Bookcases_deadbumper.prefab
  artifactKey: Guid(fdd4a6073a2bbe945a97450f2bfcbcc7) Importer(815301076,1909f56bfc062723c751e8b465ee728b)
Start importing Assets/Prefabs/Components/Bookcases_deadbumper.prefab using Guid(fdd4a6073a2bbe945a97450f2bfcbcc7) Importer(815301076,1909f56bfc062723c751e8b465ee728b)  -> (artifact id: 'a5eb2c4f6f8e15098a277f08403cec46') in 0.077068 seconds
Number of updated asset objects reloaded before import = 0
Number of asset objects unloaded after import = 652
========================================================================
Received Import Request.
  Time since last request: 3.143414 seconds.
  path: Assets/Prefabs/Components/Bookcases_deadbumper.prefab
  artifactKey: Guid(fdd4a6073a2bbe945a97450f2bfcbcc7) Importer(815301076,1909f56bfc062723c751e8b465ee728b)
Start importing Assets/Prefabs/Components/Bookcases_deadbumper.prefab using Guid(fdd4a6073a2bbe945a97450f2bfcbcc7) Importer(815301076,1909f56bfc062723c751e8b465ee728b)  -> (artifact id: '66c31ead2ec045fb1276bcb4f61e6c92') in 0.076276 seconds
Number of updated asset objects reloaded before import = 0
Number of asset objects unloaded after import = 652
========================================================================
Received Import Request.
  Time since last request: 6.608764 seconds.
  path: Assets/Prefabs/Components/Bookcases_deadbumper.prefab
  artifactKey: Guid(fdd4a6073a2bbe945a97450f2bfcbcc7) Importer(815301076,1909f56bfc062723c751e8b465ee728b)
Start importing Assets/Prefabs/Components/Bookcases_deadbumper.prefab using Guid(fdd4a6073a2bbe945a97450f2bfcbcc7) Importer(815301076,1909f56bfc062723c751e8b465ee728b)  -> (artifact id: '312044064ae9f5e39182317a158b0ba6') in 0.053714 seconds
Number of updated asset objects reloaded before import = 0
Number of asset objects unloaded after import = 652
========================================================================
Received Import Request.
  Time since last request: 4.597722 seconds.
  path: Assets/Prefabs/Components/Bookcases_deadbumper.prefab
  artifactKey: Guid(fdd4a6073a2bbe945a97450f2bfcbcc7) Importer(815301076,1909f56bfc062723c751e8b465ee728b)
Start importing Assets/Prefabs/Components/Bookcases_deadbumper.prefab using Guid(fdd4a6073a2bbe945a97450f2bfcbcc7) Importer(815301076,1909f56bfc062723c751e8b465ee728b)  -> (artifact id: 'dd32bd9339d00977cde6dccacafca06d') in 0.049944 seconds
Number of updated asset objects reloaded before import = 0
Number of asset objects unloaded after import = 652
========================================================================
Received Import Request.
  Time since last request: 3.176653 seconds.
  path: Assets/Prefabs/Components/Bookcases_deadbumper.prefab
  artifactKey: Guid(fdd4a6073a2bbe945a97450f2bfcbcc7) Importer(815301076,1909f56bfc062723c751e8b465ee728b)
Start importing Assets/Prefabs/Components/Bookcases_deadbumper.prefab using Guid(fdd4a6073a2bbe945a97450f2bfcbcc7) Importer(815301076,1909f56bfc062723c751e8b465ee728b)  -> (artifact id: '2175fec7e03c6c00998834763d07efcf') in 0.052370 seconds
Number of updated asset objects reloaded before import = 0
Number of asset objects unloaded after import = 652
========================================================================
Received Import Request.
  Time since last request: 6.034899 seconds.
  path: Assets/Prefabs/Components/Bookcases_deadbumper.prefab
  artifactKey: Guid(fdd4a6073a2bbe945a97450f2bfcbcc7) Importer(815301076,1909f56bfc062723c751e8b465ee728b)
Start importing Assets/Prefabs/Components/Bookcases_deadbumper.prefab using Guid(fdd4a6073a2bbe945a97450f2bfcbcc7) Importer(815301076,1909f56bfc062723c751e8b465ee728b)  -> (artifact id: 'f90a59fc212cd046ded9699590ec5e14') in 0.076498 seconds
Number of updated asset objects reloaded before import = 0
Number of asset objects unloaded after import = 652
========================================================================
Received Import Request.
  Time since last request: 3.784625 seconds.
  path: Assets/Prefabs/Components/Bookcases_deadbumper.prefab
  artifactKey: Guid(fdd4a6073a2bbe945a97450f2bfcbcc7) Importer(815301076,1909f56bfc062723c751e8b465ee728b)
Start importing Assets/Prefabs/Components/Bookcases_deadbumper.prefab using Guid(fdd4a6073a2bbe945a97450f2bfcbcc7) Importer(815301076,1909f56bfc062723c751e8b465ee728b)  -> (artifact id: '22c7d64903e6a5f4ec6402fb736f3e89') in 0.052019 seconds
Number of updated asset objects reloaded before import = 0
Number of asset objects unloaded after import = 652
========================================================================
Received Import Request.
  Time since last request: 2.774682 seconds.
  path: Assets/Prefabs/Components/Bookcases_deadbumper.prefab
  artifactKey: Guid(fdd4a6073a2bbe945a97450f2bfcbcc7) Importer(815301076,1909f56bfc062723c751e8b465ee728b)
Start importing Assets/Prefabs/Components/Bookcases_deadbumper.prefab using Guid(fdd4a6073a2bbe945a97450f2bfcbcc7) Importer(815301076,1909f56bfc062723c751e8b465ee728b)  -> (artifact id: '0febe0d237e99bd6be31bd184615fa7c') in 0.048597 seconds
Number of updated asset objects reloaded before import = 0
Number of asset objects unloaded after import = 652
========================================================================
Received Import Request.
  Time since last request: 1.766578 seconds.
  path: Assets/Prefabs/Components/Bookcases_deadbumper.prefab
  artifactKey: Guid(fdd4a6073a2bbe945a97450f2bfcbcc7) Importer(815301076,1909f56bfc062723c751e8b465ee728b)
Start importing Assets/Prefabs/Components/Bookcases_deadbumper.prefab using Guid(fdd4a6073a2bbe945a97450f2bfcbcc7) Importer(815301076,1909f56bfc062723c751e8b465ee728b)  -> (artifact id: '2663f5c82a7809cdf49686258e404735') in 0.056130 seconds
Number of updated asset objects reloaded before import = 0
Number of asset objects unloaded after import = 652
========================================================================
Received Import Request.
  Time since last request: 3.371199 seconds.
  path: Assets/Prefabs/Components/Bookcases_deadbumper.prefab
  artifactKey: Guid(fdd4a6073a2bbe945a97450f2bfcbcc7) Importer(815301076,1909f56bfc062723c751e8b465ee728b)
Start importing Assets/Prefabs/Components/Bookcases_deadbumper.prefab using Guid(fdd4a6073a2bbe945a97450f2bfcbcc7) Importer(815301076,1909f56bfc062723c751e8b465ee728b)  -> (artifact id: 'e6ed78600bb16d597207f9ee61208e0c') in 0.053141 seconds
Number of updated asset objects reloaded before import = 0
Number of asset objects unloaded after import = 652
========================================================================
Received Import Request.
  Time since last request: 21.731120 seconds.
  path: Assets/Prefabs/Components/Bookcases_deadbumper.prefab
  artifactKey: Guid(fdd4a6073a2bbe945a97450f2bfcbcc7) Importer(815301076,1909f56bfc062723c751e8b465ee728b)
Start importing Assets/Prefabs/Components/Bookcases_deadbumper.prefab using Guid(fdd4a6073a2bbe945a97450f2bfcbcc7) Importer(815301076,1909f56bfc062723c751e8b465ee728b)  -> (artifact id: 'd56c6e2a5150ad14d721ba26d8506f5c') in 0.052814 seconds
Number of updated asset objects reloaded before import = 0
Number of asset objects unloaded after import = 652
========================================================================
Received Import Request.
  Time since last request: 5.982054 seconds.
  path: Assets/Prefabs/Components/Bookcases_deadbumper.prefab
  artifactKey: Guid(fdd4a6073a2bbe945a97450f2bfcbcc7) Importer(815301076,1909f56bfc062723c751e8b465ee728b)
Start importing Assets/Prefabs/Components/Bookcases_deadbumper.prefab using Guid(fdd4a6073a2bbe945a97450f2bfcbcc7) Importer(815301076,1909f56bfc062723c751e8b465ee728b)  -> (artifact id: '4b9080f7bf7d5ed34441cc4ba690d300') in 0.054738 seconds
Number of updated asset objects reloaded before import = 0
Number of asset objects unloaded after import = 652
========================================================================
Received Import Request.
  Time since last request: 5.197430 seconds.
  path: Assets/Prefabs/Components/Bookcases_deadbumper.prefab
  artifactKey: Guid(fdd4a6073a2bbe945a97450f2bfcbcc7) Importer(815301076,1909f56bfc062723c751e8b465ee728b)
Start importing Assets/Prefabs/Components/Bookcases_deadbumper.prefab using Guid(fdd4a6073a2bbe945a97450f2bfcbcc7) Importer(815301076,1909f56bfc062723c751e8b465ee728b)  -> (artifact id: 'e565dd357b3779a3938b58c922b961e1') in 0.054476 seconds
Number of updated asset objects reloaded before import = 0
Number of asset objects unloaded after import = 652
========================================================================
Received Import Request.
  Time since last request: 4.990326 seconds.
  path: Assets/Prefabs/Components/Bookcases_deadbumper.prefab
  artifactKey: Guid(fdd4a6073a2bbe945a97450f2bfcbcc7) Importer(815301076,1909f56bfc062723c751e8b465ee728b)
Start importing Assets/Prefabs/Components/Bookcases_deadbumper.prefab using Guid(fdd4a6073a2bbe945a97450f2bfcbcc7) Importer(815301076,1909f56bfc062723c751e8b465ee728b)  -> (artifact id: 'cf0f672e74cd84a708b5ebb48a2f2036') in 0.052903 seconds
Number of updated asset objects reloaded before import = 0
Number of asset objects unloaded after import = 652
========================================================================
Received Import Request.
  Time since last request: 1.555858 seconds.
  path: Assets/Prefabs/Components/Bookcases_deadbumper.prefab
  artifactKey: Guid(fdd4a6073a2bbe945a97450f2bfcbcc7) Importer(815301076,1909f56bfc062723c751e8b465ee728b)
Start importing Assets/Prefabs/Components/Bookcases_deadbumper.prefab using Guid(fdd4a6073a2bbe945a97450f2bfcbcc7) Importer(815301076,1909f56bfc062723c751e8b465ee728b)  -> (artifact id: '88783aca0cbdc491dbed310eb777f638') in 0.066160 seconds
Number of updated asset objects reloaded before import = 0
Number of asset objects unloaded after import = 652
========================================================================
Received Import Request.
  Time since last request: 8.602024 seconds.
  path: Assets/Prefabs/Components/Bookcases_deadbumper.prefab
  artifactKey: Guid(fdd4a6073a2bbe945a97450f2bfcbcc7) Importer(815301076,1909f56bfc062723c751e8b465ee728b)
Start importing Assets/Prefabs/Components/Bookcases_deadbumper.prefab using Guid(fdd4a6073a2bbe945a97450f2bfcbcc7) Importer(815301076,1909f56bfc062723c751e8b465ee728b)  -> (artifact id: 'a7c401541157c5eda0019ed270d2f1de') in 0.053067 seconds
Number of updated asset objects reloaded before import = 0
Number of asset objects unloaded after import = 652
========================================================================
Received Import Request.
  Time since last request: 2.564736 seconds.
  path: Assets/Prefabs/Components/Bookcases_deadbumper.prefab
  artifactKey: Guid(fdd4a6073a2bbe945a97450f2bfcbcc7) Importer(815301076,1909f56bfc062723c751e8b465ee728b)
Start importing Assets/Prefabs/Components/Bookcases_deadbumper.prefab using Guid(fdd4a6073a2bbe945a97450f2bfcbcc7) Importer(815301076,1909f56bfc062723c751e8b465ee728b)  -> (artifact id: 'f598bd0c3db748e34c83f5a321414c53') in 0.053409 seconds
Number of updated asset objects reloaded before import = 0
Number of asset objects unloaded after import = 652
========================================================================
Received Import Request.
  Time since last request: 3.381045 seconds.
  path: Assets/Prefabs/Components/Bookcases_deadbumper.prefab
  artifactKey: Guid(fdd4a6073a2bbe945a97450f2bfcbcc7) Importer(815301076,1909f56bfc062723c751e8b465ee728b)
Start importing Assets/Prefabs/Components/Bookcases_deadbumper.prefab using Guid(fdd4a6073a2bbe945a97450f2bfcbcc7) Importer(815301076,1909f56bfc062723c751e8b465ee728b)  -> (artifact id: 'e26021f3226eb55af54fff3391f99296') in 0.052451 seconds
Number of updated asset objects reloaded before import = 0
Number of asset objects unloaded after import = 652
========================================================================
Received Prepare
Begin MonoManager ReloadAssembly
- Loaded All Assemblies, in  0.462 seconds
Refreshing native plugins compatible for Editor in 3.05 ms, found 3 plugins.
Native extension for WindowsStandalone target not found
[Package Manager] Server::EnsureServerProcessIsRunning -- launch failed, reason: Unity was launched with the -noUpm command-line argument
[Package Manager] UpmClient::Send -- Unable to send message (not connected to UPM process).
[Package Manager] Cannot connect to Unity Package Manager local server
Mono: successfully reloaded assembly
- Finished resetting the current domain, in  0.956 seconds
Domain Reload Profiling: 1418ms
	BeginReloadAssembly (184ms)
		ExecutionOrderSort (0ms)
		DisableScriptedObjects (7ms)
		BackupInstance (0ms)
		ReleaseScriptingObjects (0ms)
		CreateAndSetChildDomain (37ms)
	RebuildCommonClasses (33ms)
	RebuildNativeTypeToScriptingClass (13ms)
	initialDomainReloadingComplete (28ms)
	LoadAllAssembliesAndSetupDomain (203ms)
		LoadAssemblies (297ms)
		RebuildTransferFunctionScriptingTraits (0ms)
		AnalyzeDomain (15ms)
			TypeCache.Refresh (7ms)
				TypeCache.ScanAssembly (0ms)
			ScanForSourceGeneratedMonoScriptInfo (0ms)
			ResolveRequiredComponents (7ms)
	FinalizeReload (957ms)
		ReleaseScriptCaches (0ms)
		RebuildScriptCaches (0ms)
		SetupLoadedEditorAssemblies (387ms)
			LogAssemblyErrors (0ms)
			InitializePlatformSupportModulesInManaged (5ms)
			SetLoadedEditorAssemblies (3ms)
			RefreshPlugins (0ms)
			BeforeProcessingInitializeOnLoad (56ms)
			ProcessInitializeOnLoadAttributes (291ms)
			ProcessInitializeOnLoadMethodAttributes (28ms)
			AfterProcessingInitializeOnLoad (3ms)
			EditorAssembliesLoaded (0ms)
		ExecutionOrderSort2 (0ms)
		AwakeInstancesAfterBackupRestoration (7ms)
Refreshing native plugins compatible for Editor in 10.70 ms, found 3 plugins.
Preloading 0 native plugins for Editor in 0.00 ms.
Unloading 3504 Unused Serialized files (Serialized files now loaded: 0)
Unloading 25 unused Assets / (79.5 KB). Loaded Objects now: 4064.
Memory consumption went from 142.6 MB to 142.5 MB.
Total: 15.522000 ms (FindLiveObjects: 0.663700 ms CreateObjectMapping: 0.411900 ms MarkObjects: 14.154100 ms  DeleteObjects: 0.291000 ms)

Prepare: number of updated asset objects reloaded= 0
AssetImportParameters requested are different than current active one (requested -> active):
  custom:container-demuxer-ogg: 62fdf1f143b41e24485cea50d1cbac27 -> 
  custom:video-decoder-ogg-theora: a1e56fd34408186e4bbccfd4996cb3dc -> 
  custom:framework-win-MediaFoundation: 216162199b28c13a410421893ffa2e32 -> 
  custom:CustomObjectIndexerAttribute: 9a22284fe3817be447336de3de66b15e -> 
  custom:container-demuxer-webm: 4f35f7cbe854078d1ac9338744f61a02 -> 
  custom:container-muxer-webm: aa71ff27fc2769a1b78a27578f13a17b -> 
  custom:video-decoder-webm-vp8: 9c59270c3fd7afecdb556c50c9e8de78 -> 
  custom:SearchIndexIgnoredProperties: e643bd26f0fe6173181afceb89e7c659 -> 
  custom:AudioImporter_EditorPlatform: d09bf68614088b80899f8185d706f6e7 -> 
  custom:video-encoder-webm-vp8: eb34c28f22e8b96e1ab97ce403110664 -> 
  custom:audio-decoder-ogg-vorbis: bf7c407c2cedff20999df2af8eb42d56 -> 
  custom:audio-encoder-webm-vorbis: bf7c407c2cedff20999df2af8eb42d56 -> 
========================================================================
Received Import Request.
  Time since last request: 1198.768798 seconds.
  path: Assets/Models/Materials/Raw/woodenplank/Woodenfloor_standardSurface1_MaskMap.png
  artifactKey: Guid(88c90791bce8be54b9b47aae49601bda) Importer(815301076,1909f56bfc062723c751e8b465ee728b)
Start importing Assets/Models/Materials/Raw/woodenplank/Woodenfloor_standardSurface1_MaskMap.png using Guid(88c90791bce8be54b9b47aae49601bda) Importer(815301076,1909f56bfc062723c751e8b465ee728b)  -> (artifact id: '9f4f76f3da147825a3935314fffa2e4a') in 0.175548 seconds
Number of updated asset objects reloaded before import = 0
Number of asset objects unloaded after import = 2
========================================================================
Received Import Request.
  Time since last request: 829.761265 seconds.
  path: Assets/Models/Materials/Raw/Vaultfoor/Vaultflooring_standardSurface1_MaskMap.png
  artifactKey: Guid(2552142139573b344a5e4c92c8b91fdf) Importer(815301076,1909f56bfc062723c751e8b465ee728b)
Start importing Assets/Models/Materials/Raw/Vaultfoor/Vaultflooring_standardSurface1_MaskMap.png using Guid(2552142139573b344a5e4c92c8b91fdf) Importer(815301076,1909f56bfc062723c751e8b465ee728b)  -> (artifact id: '24fa5519692d359b8529d344a4c1c7f3') in 0.042521 seconds
Number of updated asset objects reloaded before import = 0
Number of asset objects unloaded after import = 2
========================================================================
Received Import Request.
  Time since last request: 790.186572 seconds.
  path: Assets/Models/Statue_open.fbx
  artifactKey: Guid(d47bffe06ee337946b37227557a4cabb) Importer(815301076,1909f56bfc062723c751e8b465ee728b)
Start importing Assets/Models/Statue_open.fbx using Guid(d47bffe06ee337946b37227557a4cabb) Importer(815301076,1909f56bfc062723c751e8b465ee728b)  -> (artifact id: '9901f5fab6e06bb1f432ed055bc87ee7') in 0.121403 seconds
Number of updated asset objects reloaded before import = 0
Number of asset objects unloaded after import = 8
========================================================================
Received Import Request.
  Time since last request: 78.285856 seconds.
  path: Assets/Models/Materials/Vault_statueopen 1.mat
  artifactKey: Guid(2041b4d8058419f41bb05fa231ae451e) Importer(815301076,1909f56bfc062723c751e8b465ee728b)
Start importing Assets/Models/Materials/Vault_statueopen 1.mat using Guid(2041b4d8058419f41bb05fa231ae451e) Importer(815301076,1909f56bfc062723c751e8b465ee728b)  -> (artifact id: 'b3c50d9b8e02cbfa6b227f950cffabf0') in 0.065398 seconds
Number of updated asset objects reloaded before import = 0
Number of asset objects unloaded after import = 4
========================================================================
Received Import Request.
  Time since last request: 0.000056 seconds.
  path: Assets/Models/Materials/Vaultfloor.mat
  artifactKey: Guid(84c1df10589635245a961e8e2586ee94) Importer(815301076,1909f56bfc062723c751e8b465ee728b)
Start importing Assets/Models/Materials/Vaultfloor.mat using Guid(84c1df10589635245a961e8e2586ee94) Importer(815301076,1909f56bfc062723c751e8b465ee728b)  -> (artifact id: '918d420a9267618382eab79f5ffdcc7a') in 0.038085 seconds
Number of updated asset objects reloaded before import = 0
Number of asset objects unloaded after import = 4
========================================================================
Received Import Request.
  Time since last request: 13.625262 seconds.
  path: Assets/Models/Materials/Raw/Statue_closed/Statue_closed_standardSurface1_Normal.png
  artifactKey: Guid(ab88d44fa6c01de4eb9feb0ce0c5a15c) Importer(815301076,1909f56bfc062723c751e8b465ee728b)
Start importing Assets/Models/Materials/Raw/Statue_closed/Statue_closed_standardSurface1_Normal.png using Guid(ab88d44fa6c01de4eb9feb0ce0c5a15c) Importer(815301076,1909f56bfc062723c751e8b465ee728b)  -> (artifact id: 'd9fb8854cfcc364ee96853851cbb1a89') in 0.018080 seconds
Number of updated asset objects reloaded before import = 0
Number of asset objects unloaded after import = 2
========================================================================
Received Import Request.
  Time since last request: 0.000016 seconds.
  path: Assets/Models/Materials/Raw/Statue_open/Statue_open_standardSurface1_MaskMap.png
  artifactKey: Guid(c2c387d9136618a40887d48879d78917) Importer(815301076,1909f56bfc062723c751e8b465ee728b)
Start importing Assets/Models/Materials/Raw/Statue_open/Statue_open_standardSurface1_MaskMap.png using Guid(c2c387d9136618a40887d48879d78917) Importer(815301076,1909f56bfc062723c751e8b465ee728b)  -> (artifact id: 'ef72bb6967bd5d81ef3d5762c55a0eff') in 0.027125 seconds
Number of updated asset objects reloaded before import = 0
Number of asset objects unloaded after import = 2
========================================================================
Received Import Request.
  Time since last request: 1.601839 seconds.
  path: Assets/Prefabs/Fog/Pngtreehot steam smoke fog effect_8405447.png
  artifactKey: Guid(4547aaab1e7b3fe4a8442c5fba7c5108) Importer(815301076,1909f56bfc062723c751e8b465ee728b)
Start importing Assets/Prefabs/Fog/Pngtreehot steam smoke fog effect_8405447.png using Guid(4547aaab1e7b3fe4a8442c5fba7c5108) Importer(815301076,1909f56bfc062723c751e8b465ee728b)  -> (artifact id: '18b8727f9f255a8fc9e8fdf876556d45') in 0.034309 seconds
Number of updated asset objects reloaded before import = 0
Number of asset objects unloaded after import = 2
========================================================================
Received Import Request.
  Time since last request: 39.699163 seconds.
  path: Assets/Models/Vaultflooring.fbx
  artifactKey: Guid(4dd80d5e4709f5947aac617b295db749) Importer(815301076,1909f56bfc062723c751e8b465ee728b)
Start importing Assets/Models/Vaultflooring.fbx using Guid(4dd80d5e4709f5947aac617b295db749) Importer(815301076,1909f56bfc062723c751e8b465ee728b)  -> (artifact id: '9a7af4b5d44a592591235bab93260a76') in 0.032394 seconds
Number of updated asset objects reloaded before import = 0
Number of asset objects unloaded after import = 11
========================================================================
Received Prepare
Begin MonoManager ReloadAssembly
- Loaded All Assemblies, in  0.665 seconds
Refreshing native plugins compatible for Editor in 3.01 ms, found 3 plugins.
Native extension for WindowsStandalone target not found
[Package Manager] Server::EnsureServerProcessIsRunning -- launch failed, reason: Unity was launched with the -noUpm command-line argument
[Package Manager] UpmClient::Send -- Unable to send message (not connected to UPM process).
[Package Manager] Cannot connect to Unity Package Manager local server
Mono: successfully reloaded assembly
- Finished resetting the current domain, in  0.933 seconds
Domain Reload Profiling: 1598ms
	BeginReloadAssembly (209ms)
		ExecutionOrderSort (0ms)
		DisableScriptedObjects (5ms)
		BackupInstance (0ms)
		ReleaseScriptingObjects (0ms)
		CreateAndSetChildDomain (58ms)
	RebuildCommonClasses (34ms)
	RebuildNativeTypeToScriptingClass (11ms)
	initialDomainReloadingComplete (27ms)
	LoadAllAssembliesAndSetupDomain (383ms)
		LoadAssemblies (480ms)
		RebuildTransferFunctionScriptingTraits (0ms)
		AnalyzeDomain (14ms)
			TypeCache.Refresh (5ms)
				TypeCache.ScanAssembly (0ms)
			ScanForSourceGeneratedMonoScriptInfo (0ms)
			ResolveRequiredComponents (7ms)
	FinalizeReload (934ms)
		ReleaseScriptCaches (0ms)
		RebuildScriptCaches (0ms)
		SetupLoadedEditorAssemblies (379ms)
			LogAssemblyErrors (0ms)
			InitializePlatformSupportModulesInManaged (5ms)
			SetLoadedEditorAssemblies (4ms)
			RefreshPlugins (0ms)
			BeforeProcessingInitializeOnLoad (57ms)
			ProcessInitializeOnLoadAttributes (286ms)
			ProcessInitializeOnLoadMethodAttributes (23ms)
			AfterProcessingInitializeOnLoad (4ms)
			EditorAssembliesLoaded (0ms)
		ExecutionOrderSort2 (0ms)
		AwakeInstancesAfterBackupRestoration (7ms)
Refreshing native plugins compatible for Editor in 6.41 ms, found 3 plugins.
Preloading 0 native plugins for Editor in 0.00 ms.
Unloading 3504 Unused Serialized files (Serialized files now loaded: 0)
Unloading 25 unused Assets / (86.8 KB). Loaded Objects now: 4067.
Memory consumption went from 144.5 MB to 144.4 MB.
Total: 4.504400 ms (FindLiveObjects: 0.433900 ms CreateObjectMapping: 0.332500 ms MarkObjects: 3.531000 ms  DeleteObjects: 0.205800 ms)

Prepare: number of updated asset objects reloaded= 0
AssetImportParameters requested are different than current active one (requested -> active):
  custom:container-demuxer-ogg: 62fdf1f143b41e24485cea50d1cbac27 -> 
  custom:video-decoder-ogg-theora: a1e56fd34408186e4bbccfd4996cb3dc -> 
  custom:framework-win-MediaFoundation: 216162199b28c13a410421893ffa2e32 -> 
  custom:CustomObjectIndexerAttribute: 9a22284fe3817be447336de3de66b15e -> 
  custom:container-demuxer-webm: 4f35f7cbe854078d1ac9338744f61a02 -> 
  custom:container-muxer-webm: aa71ff27fc2769a1b78a27578f13a17b -> 
  custom:video-decoder-webm-vp8: 9c59270c3fd7afecdb556c50c9e8de78 -> 
  custom:SearchIndexIgnoredProperties: e643bd26f0fe6173181afceb89e7c659 -> 
  custom:AudioImporter_EditorPlatform: d09bf68614088b80899f8185d706f6e7 -> 
  custom:video-encoder-webm-vp8: eb34c28f22e8b96e1ab97ce403110664 -> 
  custom:audio-decoder-ogg-vorbis: bf7c407c2cedff20999df2af8eb42d56 -> 
  custom:audio-encoder-webm-vorbis: bf7c407c2cedff20999df2af8eb42d56 -> 
========================================================================
Received Import Request.
  Time since last request: 4938.361787 seconds.
  path: Assets/Models/Materials/Raw/groundb1/B1Floor_standardSurface1_MaskMap.png
  artifactKey: Guid(fec37e79e72903a4f9ee80e3ad4e41f7) Importer(815301076,1909f56bfc062723c751e8b465ee728b)
Start importing Assets/Models/Materials/Raw/groundb1/B1Floor_standardSurface1_MaskMap.png using Guid(fec37e79e72903a4f9ee80e3ad4e41f7) Importer(815301076,1909f56bfc062723c751e8b465ee728b)  -> (artifact id: 'fa8ad2014721985a6418da3bf85e9a10') in 2.319136 seconds
Number of updated asset objects reloaded before import = 0
Number of asset objects unloaded after import = 2
========================================================================
Received Import Request.
  Time since last request: 182.912062 seconds.
  path: Assets/Prefabs/Components/Bookcase_deadbumper (1).prefab
  artifactKey: Guid(7c19217df9a11234487fea3939cff752) Importer(815301076,1909f56bfc062723c751e8b465ee728b)
Start importing Assets/Prefabs/Components/Bookcase_deadbumper (1).prefab using Guid(7c19217df9a11234487fea3939cff752) Importer(815301076,1909f56bfc062723c751e8b465ee728b)  -> (artifact id: '8e3fbc0bd781928884d83ad000d03df4') in 1.155784 seconds
Number of updated asset objects reloaded before import = 0
Number of asset objects unloaded after import = 181
========================================================================
Received Import Request.
  Time since last request: 3.832054 seconds.
  path: Assets/Prefabs/Components/LeftFlipperVault.prefab
  artifactKey: Guid(9dd701ad778f2f545acbdb82c7d05d75) Importer(815301076,1909f56bfc062723c751e8b465ee728b)
Start importing Assets/Prefabs/Components/LeftFlipperVault.prefab using Guid(9dd701ad778f2f545acbdb82c7d05d75) Importer(815301076,1909f56bfc062723c751e8b465ee728b)  -> (artifact id: 'aed490b8a425893851234592e41477d2') in 0.194769 seconds
Number of updated asset objects reloaded before import = 0
Number of asset objects unloaded after import = 1612
========================================================================
Received Import Request.
  Time since last request: 2755.984367 seconds.
  path: Assets/Models/Materials/b2ground.mat
  artifactKey: Guid(ee83a990d2b5b8747ac41344ebe0b253) Importer(815301076,1909f56bfc062723c751e8b465ee728b)
Start importing Assets/Models/Materials/b2ground.mat using Guid(ee83a990d2b5b8747ac41344ebe0b253) Importer(815301076,1909f56bfc062723c751e8b465ee728b)  -> (artifact id: 'b1f736e9cb5e3eb8e0510681e4317dea') in 0.188177 seconds
Number of updated asset objects reloaded before import = 0
Number of asset objects unloaded after import = 4
