Using pre-set license
Built from '2022.3/staging' branch; Version is '2022.3.24f1 (334eb2a0b267) revision 3362482'; Using compiler version '192829333'; Build Type 'Release'
OS: 'Windows 10  (10.0.19045) 64bit Core' Language: 'en' Physical Memory: 16333 MB
BatchMode: 1, IsHumanControllingUs: 0, StartBugReporterOnCrash: 0, Is64bit: 1, IsPro: 1

COMMAND LINE ARGUMENTS:
D:\programe files x2\Unity\Editor\2022.3.24f1\Editor\Unity.exe
-adb2
-batchMode
-noUpm
-name
AssetImportWorker0
-projectPath
H:/Uni/Capstone/Game/PinballAscension
-logFile
Logs/AssetImportWorker0.log
-srvPort
59344
Successfully changed project path to: H:/Uni/Capstone/Game/PinballAscension
H:/Uni/Capstone/Game/PinballAscension
[UnityMemory] Configuration Parameters - Can be set up in boot.config
    "memorysetup-bucket-allocator-granularity=16"
    "memorysetup-bucket-allocator-bucket-count=8"
    "memorysetup-bucket-allocator-block-size=33554432"
    "memorysetup-bucket-allocator-block-count=8"
    "memorysetup-main-allocator-block-size=16777216"
    "memorysetup-thread-allocator-block-size=16777216"
    "memorysetup-gfx-main-allocator-block-size=16777216"
    "memorysetup-gfx-thread-allocator-block-size=16777216"
    "memorysetup-cache-allocator-block-size=4194304"
    "memorysetup-typetree-allocator-block-size=2097152"
    "memorysetup-profiler-bucket-allocator-granularity=16"
    "memorysetup-profiler-bucket-allocator-bucket-count=8"
    "memorysetup-profiler-bucket-allocator-block-size=33554432"
    "memorysetup-profiler-bucket-allocator-block-count=8"
    "memorysetup-profiler-allocator-block-size=16777216"
    "memorysetup-profiler-editor-allocator-block-size=1048576"
    "memorysetup-temp-allocator-size-main=16777216"
    "memorysetup-job-temp-allocator-block-size=2097152"
    "memorysetup-job-temp-allocator-block-size-background=1048576"
    "memorysetup-job-temp-allocator-reduction-small-platforms=262144"
    "memorysetup-allocator-temp-initial-block-size-main=262144"
    "memorysetup-allocator-temp-initial-block-size-worker=262144"
    "memorysetup-temp-allocator-size-background-worker=32768"
    "memorysetup-temp-allocator-size-job-worker=262144"
    "memorysetup-temp-allocator-size-preload-manager=33554432"
    "memorysetup-temp-allocator-size-nav-mesh-worker=65536"
    "memorysetup-temp-allocator-size-audio-worker=65536"
    "memorysetup-temp-allocator-size-cloud-worker=32768"
    "memorysetup-temp-allocator-size-gi-baking-worker=262144"
    "memorysetup-temp-allocator-size-gfx=262144"
Player connection [41712] Host "[IP] 192.168.8.145 [Port] 0 [Flags] 2 [Guid] 3502403129 [EditorId] 3502403129 [Version] 1048832 [Id] WindowsEditor(7,DESKTOP-DET9CBS) [Debug] 1 [PackageName] WindowsEditor [ProjectName] Editor" joined multi-casting on [225.0.0.222:54997]...

Player connection [41712] Host "[IP] 192.168.8.145 [Port] 0 [Flags] 2 [Guid] 3502403129 [EditorId] 3502403129 [Version] 1048832 [Id] WindowsEditor(7,DESKTOP-DET9CBS) [Debug] 1 [PackageName] WindowsEditor [ProjectName] Editor" joined alternative multi-casting on [225.0.0.222:34997]...

[Physics::Module] Initialized MultithreadedJobDispatcher with 5 workers.
Refreshing native plugins compatible for Editor in 11.60 ms, found 3 plugins.
Preloading 0 native plugins for Editor in 0.00 ms.
Initialize engine version: 2022.3.24f1 (334eb2a0b267)
[Subsystems] Discovering subsystems at path D:/programe files x2/Unity/Editor/2022.3.24f1/Editor/Data/Resources/UnitySubsystems
[Subsystems] Discovering subsystems at path H:/Uni/Capstone/Game/PinballAscension/Assets
GfxDevice: creating device client; threaded=0; jobified=0
Direct3D:
    Version:  Direct3D 11.0 [level 11.1]
    Renderer: NVIDIA GeForce GTX 1070 (ID=0x1b81)
    Vendor:   NVIDIA
    VRAM:     8067 MB
    Driver:   32.0.15.5599
Initialize mono
Mono path[0] = 'D:/programe files x2/Unity/Editor/2022.3.24f1/Editor/Data/Managed'
Mono path[1] = 'D:/programe files x2/Unity/Editor/2022.3.24f1/Editor/Data/MonoBleedingEdge/lib/mono/unityjit-win32'
Mono config path = 'D:/programe files x2/Unity/Editor/2022.3.24f1/Editor/Data/MonoBleedingEdge/etc'
Using monoOptions --debugger-agent=transport=dt_socket,embedding=1,server=y,suspend=n,address=127.0.0.1:56584
Begin MonoManager ReloadAssembly
Registering precompiled unity dll's ...
Register platform support module: D:/programe files x2/Unity/Editor/2022.3.24f1/Editor/Data/PlaybackEngines/WindowsStandaloneSupport/UnityEditor.WindowsStandalone.Extensions.dll
Registered in 0.006756 seconds.
- Loaded All Assemblies, in  0.595 seconds
Native extension for WindowsStandalone target not found
Mono: successfully reloaded assembly
- Finished resetting the current domain, in  0.534 seconds
Domain Reload Profiling: 1129ms
	BeginReloadAssembly (178ms)
		ExecutionOrderSort (0ms)
		DisableScriptedObjects (0ms)
		BackupInstance (0ms)
		ReleaseScriptingObjects (0ms)
		CreateAndSetChildDomain (1ms)
	RebuildCommonClasses (62ms)
	RebuildNativeTypeToScriptingClass (21ms)
	initialDomainReloadingComplete (83ms)
	LoadAllAssembliesAndSetupDomain (250ms)
		LoadAssemblies (180ms)
		RebuildTransferFunctionScriptingTraits (0ms)
		AnalyzeDomain (245ms)
			TypeCache.Refresh (243ms)
				TypeCache.ScanAssembly (219ms)
			ScanForSourceGeneratedMonoScriptInfo (1ms)
			ResolveRequiredComponents (1ms)
	FinalizeReload (535ms)
		ReleaseScriptCaches (0ms)
		RebuildScriptCaches (0ms)
		SetupLoadedEditorAssemblies (427ms)
			LogAssemblyErrors (0ms)
			InitializePlatformSupportModulesInManaged (16ms)
			SetLoadedEditorAssemblies (15ms)
			RefreshPlugins (0ms)
			BeforeProcessingInitializeOnLoad (2ms)
			ProcessInitializeOnLoadAttributes (298ms)
			ProcessInitializeOnLoadMethodAttributes (96ms)
			AfterProcessingInitializeOnLoad (0ms)
			EditorAssembliesLoaded (0ms)
		ExecutionOrderSort2 (0ms)
		AwakeInstancesAfterBackupRestoration (0ms)
========================================================================
Worker process is ready to serve import requests
Begin MonoManager ReloadAssembly
- Loaded All Assemblies, in  0.986 seconds
Refreshing native plugins compatible for Editor in 3.04 ms, found 3 plugins.
Native extension for WindowsStandalone target not found
Package Manager log level set to [2]
[Package Manager] Server::EnsureServerProcessIsRunning -- launch failed, reason: Unity was launched with the -noUpm command-line argument
[Package Manager] UpmClient::Send -- Unable to send message (not connected to UPM process).
[Package Manager] Cannot connect to Unity Package Manager local server
Mono: successfully reloaded assembly
- Finished resetting the current domain, in  0.739 seconds
Domain Reload Profiling: 1724ms
	BeginReloadAssembly (274ms)
		ExecutionOrderSort (0ms)
		DisableScriptedObjects (7ms)
		BackupInstance (0ms)
		ReleaseScriptingObjects (0ms)
		CreateAndSetChildDomain (33ms)
	RebuildCommonClasses (50ms)
	RebuildNativeTypeToScriptingClass (16ms)
	initialDomainReloadingComplete (56ms)
	LoadAllAssembliesAndSetupDomain (589ms)
		LoadAssemblies (517ms)
		RebuildTransferFunctionScriptingTraits (0ms)
		AnalyzeDomain (245ms)
			TypeCache.Refresh (216ms)
				TypeCache.ScanAssembly (197ms)
			ScanForSourceGeneratedMonoScriptInfo (21ms)
			ResolveRequiredComponents (7ms)
	FinalizeReload (740ms)
		ReleaseScriptCaches (0ms)
		RebuildScriptCaches (0ms)
		SetupLoadedEditorAssemblies (555ms)
			LogAssemblyErrors (0ms)
			InitializePlatformSupportModulesInManaged (5ms)
			SetLoadedEditorAssemblies (4ms)
			RefreshPlugins (0ms)
			BeforeProcessingInitializeOnLoad (62ms)
			ProcessInitializeOnLoadAttributes (452ms)
			ProcessInitializeOnLoadMethodAttributes (29ms)
			AfterProcessingInitializeOnLoad (3ms)
			EditorAssembliesLoaded (0ms)
		ExecutionOrderSort2 (0ms)
		AwakeInstancesAfterBackupRestoration (7ms)
Launched and connected shader compiler UnityShaderCompiler.exe after 0.07 seconds
Refreshing native plugins compatible for Editor in 5.76 ms, found 3 plugins.
Preloading 0 native plugins for Editor in 0.00 ms.
Unloading 3544 Unused Serialized files (Serialized files now loaded: 0)
Unloading 37 unused Assets / (114.8 KB). Loaded Objects now: 4010.
Memory consumption went from 143.9 MB to 143.8 MB.
Total: 4.252600 ms (FindLiveObjects: 0.305400 ms CreateObjectMapping: 0.665500 ms MarkObjects: 3.100300 ms  DeleteObjects: 0.179800 ms)

AssetImportParameters requested are different than current active one (requested -> active):
  custom:container-demuxer-ogg: 62fdf1f143b41e24485cea50d1cbac27 -> 
  custom:video-decoder-ogg-theora: a1e56fd34408186e4bbccfd4996cb3dc -> 
  custom:framework-win-MediaFoundation: 216162199b28c13a410421893ffa2e32 -> 
  custom:CustomObjectIndexerAttribute: 9a22284fe3817be447336de3de66b15e -> 
  custom:container-demuxer-webm: 4f35f7cbe854078d1ac9338744f61a02 -> 
  custom:container-muxer-webm: aa71ff27fc2769a1b78a27578f13a17b -> 
  custom:video-decoder-webm-vp8: 9c59270c3fd7afecdb556c50c9e8de78 -> 
  custom:SearchIndexIgnoredProperties: e643bd26f0fe6173181afceb89e7c659 -> 
  custom:AudioImporter_EditorPlatform: d09bf68614088b80899f8185d706f6e7 -> 
  custom:video-encoder-webm-vp8: eb34c28f22e8b96e1ab97ce403110664 -> 
  custom:audio-decoder-ogg-vorbis: bf7c407c2cedff20999df2af8eb42d56 -> 
  custom:audio-encoder-webm-vorbis: bf7c407c2cedff20999df2af8eb42d56 -> 
========================================================================
Received Import Request.
  Time since last request: 784930.763279 seconds.
  path: Assets/TriggerRed.mat
  artifactKey: Guid(4b0a6189c24d7064697c0de3255f803b) Importer(815301076,1909f56bfc062723c751e8b465ee728b)
Start importing Assets/TriggerRed.mat using Guid(4b0a6189c24d7064697c0de3255f803b) Importer(815301076,1909f56bfc062723c751e8b465ee728b)  -> (artifact id: '9dcc66d80ec99ca66d8fca5739dd401e') in 0.148832 seconds
Number of updated asset objects reloaded before import = 0
Number of asset objects unloaded after import = 1
========================================================================
Received Import Request.
  Time since last request: 9.530838 seconds.
  path: Assets/Materials/skybox.mat
  artifactKey: Guid(1f556714390f01e47975220c9174515d) Importer(815301076,1909f56bfc062723c751e8b465ee728b)
Start importing Assets/Materials/skybox.mat using Guid(1f556714390f01e47975220c9174515d) Importer(815301076,1909f56bfc062723c751e8b465ee728b)  -> (artifact id: '5bad9645b53e25f8cf135840de464503') in 0.039383 seconds
Number of updated asset objects reloaded before import = 0
Number of asset objects unloaded after import = 1
========================================================================
Received Import Request.
  Time since last request: 0.842660 seconds.
  path: Assets/Main Menu Asset/Background.png
  artifactKey: Guid(6e352b800b5e86440a797eb41b4180d0) Importer(815301076,1909f56bfc062723c751e8b465ee728b)
Start importing Assets/Main Menu Asset/Background.png using Guid(6e352b800b5e86440a797eb41b4180d0) Importer(815301076,1909f56bfc062723c751e8b465ee728b)  -> (artifact id: 'bd13ae1d4007ea4c6da6534719f7c530') in 0.060937 seconds
Number of updated asset objects reloaded before import = 0
Number of asset objects unloaded after import = 3
========================================================================
Received Import Request.
  Time since last request: 5.978664 seconds.
  path: Assets/Scenes/B4.unity
  artifactKey: Guid(6fd453eb60b7f8e43873385dbbfdff34) Importer(815301076,1909f56bfc062723c751e8b465ee728b)
Start importing Assets/Scenes/B4.unity using Guid(6fd453eb60b7f8e43873385dbbfdff34) Importer(815301076,1909f56bfc062723c751e8b465ee728b)  -> (artifact id: 'eb780f476817105dfe8bea0e59b8f2a1') in 0.000467 seconds
Number of updated asset objects reloaded before import = 0
Number of asset objects unloaded after import = 0
========================================================================
Received Import Request.
  Time since last request: 217.691154 seconds.
  path: Assets/Models/Materials/Alter.mat
  artifactKey: Guid(0d619afc9a058d84b9e3c4fe7ad2389a) Importer(815301076,1909f56bfc062723c751e8b465ee728b)
Start importing Assets/Models/Materials/Alter.mat using Guid(0d619afc9a058d84b9e3c4fe7ad2389a) Importer(815301076,1909f56bfc062723c751e8b465ee728b)  -> (artifact id: '79764f7853b530cfcccae1dec8bfcd37') in 0.211568 seconds
Number of updated asset objects reloaded before import = 0
Number of asset objects unloaded after import = 4
========================================================================
Received Import Request.
  Time since last request: 0.000257 seconds.
  path: Assets/Models/Materials/Blue.mat
  artifactKey: Guid(033d8ad3dd168bf4582867e5347fa6e1) Importer(815301076,1909f56bfc062723c751e8b465ee728b)
Start importing Assets/Models/Materials/Blue.mat using Guid(033d8ad3dd168bf4582867e5347fa6e1) Importer(815301076,1909f56bfc062723c751e8b465ee728b)  -> (artifact id: '68d85a64296f4ad3cb910148f6b10a14') in 0.022618 seconds
Number of updated asset objects reloaded before import = 0
Number of asset objects unloaded after import = 1
========================================================================
Received Import Request.
  Time since last request: 0.000017 seconds.
  path: Assets/Models/Materials/Green.mat
  artifactKey: Guid(a037a4930f9ae0c43ae36a5b5f94ccac) Importer(815301076,1909f56bfc062723c751e8b465ee728b)
Start importing Assets/Models/Materials/Green.mat using Guid(a037a4930f9ae0c43ae36a5b5f94ccac) Importer(815301076,1909f56bfc062723c751e8b465ee728b)  -> (artifact id: '6ff63192b844477334f2cb25b287a48e') in 0.036767 seconds
Number of updated asset objects reloaded before import = 0
Number of asset objects unloaded after import = 1
========================================================================
Received Import Request.
  Time since last request: 1005.283404 seconds.
  path: Assets/Models/Book 2.fbx
  artifactKey: Guid(5fb6a0a86b7da934ea287d3d3375a55e) Importer(815301076,1909f56bfc062723c751e8b465ee728b)
Start importing Assets/Models/Book 2.fbx using Guid(5fb6a0a86b7da934ea287d3d3375a55e) Importer(815301076,1909f56bfc062723c751e8b465ee728b)  -> (artifact id: '68eac8549699550402de1ea472c40c67') in 0.067386 seconds
Number of updated asset objects reloaded before import = 0
Number of asset objects unloaded after import = 8
========================================================================
Received Import Request.
  Time since last request: 0.027526 seconds.
  path: Assets/Models/Book_for_flipper 1.fbx
  artifactKey: Guid(50344caab2f2b5a4bbe542a7e9243fcf) Importer(815301076,1909f56bfc062723c751e8b465ee728b)
Start importing Assets/Models/Book_for_flipper 1.fbx using Guid(50344caab2f2b5a4bbe542a7e9243fcf) Importer(815301076,1909f56bfc062723c751e8b465ee728b)  -> (artifact id: '506d0651a56cd1a097018d72d5bca7c0') in 0.177119 seconds
Number of updated asset objects reloaded before import = 0
Number of asset objects unloaded after import = 8
========================================================================
Received Import Request.
  Time since last request: 0.000017 seconds.
  path: Assets/Models/Gem.fbx
  artifactKey: Guid(33f2b2a984ed06e4e90a6c516fe9a95b) Importer(815301076,1909f56bfc062723c751e8b465ee728b)
Start importing Assets/Models/Gem.fbx using Guid(33f2b2a984ed06e4e90a6c516fe9a95b) Importer(815301076,1909f56bfc062723c751e8b465ee728b)  -> (artifact id: 'de7783ae173fcd21d6b898f50e107847') in 0.171222 seconds
Number of updated asset objects reloaded before import = 0
Number of asset objects unloaded after import = 8
========================================================================
Received Import Request.
  Time since last request: 0.061177 seconds.
  path: Assets/Models/Book_for_flipper 2.fbx
  artifactKey: Guid(1c7c3dfc2f6494e4695afb086f2da054) Importer(815301076,1909f56bfc062723c751e8b465ee728b)
Start importing Assets/Models/Book_for_flipper 2.fbx using Guid(1c7c3dfc2f6494e4695afb086f2da054) Importer(815301076,1909f56bfc062723c751e8b465ee728b)  -> (artifact id: '5e51100fa17a9f960d76105af6cce09a') in 0.078214 seconds
Number of updated asset objects reloaded before import = 0
Number of asset objects unloaded after import = 8
========================================================================
Received Import Request.
  Time since last request: 0.008244 seconds.
  path: Assets/Models/Materials/Red.mat
  artifactKey: Guid(743895e3aa939284eb50c21bcdbe2e4b) Importer(815301076,1909f56bfc062723c751e8b465ee728b)
Start importing Assets/Models/Materials/Red.mat using Guid(743895e3aa939284eb50c21bcdbe2e4b) Importer(815301076,1909f56bfc062723c751e8b465ee728b)  -> (artifact id: '12e2f493691e96da1b14795e6449cdca') in 0.133713 seconds
Number of updated asset objects reloaded before import = 0
Number of asset objects unloaded after import = 1
========================================================================
Received Import Request.
  Time since last request: 0.092060 seconds.
  path: Assets/Models/Coin.fbx
  artifactKey: Guid(79664c5446f48b4478eecb18a100f910) Importer(815301076,1909f56bfc062723c751e8b465ee728b)
Start importing Assets/Models/Coin.fbx using Guid(79664c5446f48b4478eecb18a100f910) Importer(815301076,1909f56bfc062723c751e8b465ee728b)  -> (artifact id: '8f26bb7b220dda35ac75253b251ab296') in 0.101876 seconds
Number of updated asset objects reloaded before import = 0
Number of asset objects unloaded after import = 10
========================================================================
Received Import Request.
  Time since last request: 8.964828 seconds.
  path: Assets/Models/Materials/New Material.mat
  artifactKey: Guid(7ef951a2697b750479cda11ff141668b) Importer(815301076,1909f56bfc062723c751e8b465ee728b)
Start importing Assets/Models/Materials/New Material.mat using Guid(7ef951a2697b750479cda11ff141668b) Importer(815301076,1909f56bfc062723c751e8b465ee728b)  -> (artifact id: '6fb6340e8b5bc85361ad052c7feebb81') in 0.012860 seconds
Number of updated asset objects reloaded before import = 0
Number of asset objects unloaded after import = 1
========================================================================
Received Import Request.
  Time since last request: 2.251688 seconds.
  path: Assets/Models/Materials/New Material 1.mat
  artifactKey: Guid(2b5896a0b859e174ab5e5b0dad79498f) Importer(815301076,1909f56bfc062723c751e8b465ee728b)
Start importing Assets/Models/Materials/New Material 1.mat using Guid(2b5896a0b859e174ab5e5b0dad79498f) Importer(815301076,1909f56bfc062723c751e8b465ee728b)  -> (artifact id: '2cc7103b53a301954e889d59c8c66305') in 0.016177 seconds
Number of updated asset objects reloaded before import = 0
Number of asset objects unloaded after import = 1
========================================================================
Received Import Request.
  Time since last request: 0.375140 seconds.
  path: Assets/Models/Materials/New Material 2.mat
  artifactKey: Guid(8d933aab6aaf822498f71ef6a99ffdcc) Importer(815301076,1909f56bfc062723c751e8b465ee728b)
Start importing Assets/Models/Materials/New Material 2.mat using Guid(8d933aab6aaf822498f71ef6a99ffdcc) Importer(815301076,1909f56bfc062723c751e8b465ee728b)  -> (artifact id: '979e6357510e82a0f59946725b995a6b') in 0.013942 seconds
Number of updated asset objects reloaded before import = 0
Number of asset objects unloaded after import = 1
========================================================================
Received Import Request.
  Time since last request: 0.305557 seconds.
  path: Assets/Models/Materials/New Material 3.mat
  artifactKey: Guid(9d2092696c4c2e142a8cccdd9e9cc661) Importer(815301076,1909f56bfc062723c751e8b465ee728b)
Start importing Assets/Models/Materials/New Material 3.mat using Guid(9d2092696c4c2e142a8cccdd9e9cc661) Importer(815301076,1909f56bfc062723c751e8b465ee728b)  -> (artifact id: 'dd32c96dfcd22ec56a4971caa2ebe814') in 0.012672 seconds
Number of updated asset objects reloaded before import = 0
Number of asset objects unloaded after import = 1
========================================================================
Received Import Request.
  Time since last request: 0.328966 seconds.
  path: Assets/Models/Materials/New Material 4.mat
  artifactKey: Guid(43cb44cc3966bb04c8918febd468fc98) Importer(815301076,1909f56bfc062723c751e8b465ee728b)
Start importing Assets/Models/Materials/New Material 4.mat using Guid(43cb44cc3966bb04c8918febd468fc98) Importer(815301076,1909f56bfc062723c751e8b465ee728b)  -> (artifact id: 'e5a9acfda9cd0cd53b559c159924c309') in 0.013267 seconds
Number of updated asset objects reloaded before import = 0
Number of asset objects unloaded after import = 1
========================================================================
Received Import Request.
  Time since last request: 0.354410 seconds.
  path: Assets/Models/Materials/New Material 5.mat
  artifactKey: Guid(4784c410e1c628343b18147ee662713e) Importer(815301076,1909f56bfc062723c751e8b465ee728b)
Start importing Assets/Models/Materials/New Material 5.mat using Guid(4784c410e1c628343b18147ee662713e) Importer(815301076,1909f56bfc062723c751e8b465ee728b)  -> (artifact id: 'e777723c396460d1876e2221ed9ef6ac') in 0.015689 seconds
Number of updated asset objects reloaded before import = 0
Number of asset objects unloaded after import = 1
========================================================================
Received Import Request.
  Time since last request: 0.308916 seconds.
  path: Assets/Models/Materials/New Material 6.mat
  artifactKey: Guid(62aaa0831926af64389166d4d7fb45d7) Importer(815301076,1909f56bfc062723c751e8b465ee728b)
Start importing Assets/Models/Materials/New Material 6.mat using Guid(62aaa0831926af64389166d4d7fb45d7) Importer(815301076,1909f56bfc062723c751e8b465ee728b)  -> (artifact id: '85017f0515fbd7cd4cf34b46200548da') in 0.013520 seconds
Number of updated asset objects reloaded before import = 0
Number of asset objects unloaded after import = 1
========================================================================
Received Import Request.
  Time since last request: 25.730414 seconds.
  path: Assets/Models/Materials/Flipperbookpurple.mat
  artifactKey: Guid(7ef951a2697b750479cda11ff141668b) Importer(815301076,1909f56bfc062723c751e8b465ee728b)
Start importing Assets/Models/Materials/Flipperbookpurple.mat using Guid(7ef951a2697b750479cda11ff141668b) Importer(815301076,1909f56bfc062723c751e8b465ee728b)  -> (artifact id: '450c858f87bac21ad93a161882ce4ca3') in 0.017498 seconds
Number of updated asset objects reloaded before import = 0
Number of asset objects unloaded after import = 1
========================================================================
Received Import Request.
  Time since last request: 35.104609 seconds.
  path: Assets/Models/Materials/Raw/Bookblack/standardSurface1_Metallic.png
  artifactKey: Guid(73fbbf709c5dded4dab87f08238567ec) Importer(815301076,1909f56bfc062723c751e8b465ee728b)
Start importing Assets/Models/Materials/Raw/Bookblack/standardSurface1_Metallic.png using Guid(73fbbf709c5dded4dab87f08238567ec) Importer(815301076,1909f56bfc062723c751e8b465ee728b)  -> (artifact id: 'd50b90323d0aaf9f5ebaed0cb874e62d') in 0.014713 seconds
Number of updated asset objects reloaded before import = 0
Number of asset objects unloaded after import = 2
========================================================================
Received Import Request.
  Time since last request: 0.000032 seconds.
  path: Assets/Models/Materials/Raw/Bookblack/standardSurface1_Normal.png
  artifactKey: Guid(4a081c4a062716145b57d96906a14121) Importer(815301076,1909f56bfc062723c751e8b465ee728b)
Start importing Assets/Models/Materials/Raw/Bookblack/standardSurface1_Normal.png using Guid(4a081c4a062716145b57d96906a14121) Importer(815301076,1909f56bfc062723c751e8b465ee728b)  -> (artifact id: '72f3c66c27578d5a4d741561f23a364b') in 0.018445 seconds
Number of updated asset objects reloaded before import = 0
Number of asset objects unloaded after import = 2
========================================================================
Received Import Request.
  Time since last request: 0.000218 seconds.
  path: Assets/Models/Materials/Raw/Bookblack/standardSurface1_Roughness.png
  artifactKey: Guid(de7336d505019684892d7a7aff922a40) Importer(815301076,1909f56bfc062723c751e8b465ee728b)
Start importing Assets/Models/Materials/Raw/Bookblack/standardSurface1_Roughness.png using Guid(de7336d505019684892d7a7aff922a40) Importer(815301076,1909f56bfc062723c751e8b465ee728b)  -> (artifact id: '345d029ab0f66fc9d1b56526ffcee14d') in 0.017164 seconds
Number of updated asset objects reloaded before import = 0
Number of asset objects unloaded after import = 2
========================================================================
Received Import Request.
  Time since last request: 0.000023 seconds.
  path: Assets/Models/Materials/Raw/Bookblack/standardSurface1_Normal_OpenGL.png
  artifactKey: Guid(fb6dffe7ddbcdf64e9dfd6d47d5a0b4b) Importer(815301076,1909f56bfc062723c751e8b465ee728b)
Start importing Assets/Models/Materials/Raw/Bookblack/standardSurface1_Normal_OpenGL.png using Guid(fb6dffe7ddbcdf64e9dfd6d47d5a0b4b) Importer(815301076,1909f56bfc062723c751e8b465ee728b)  -> (artifact id: 'e94eb611d6bfdc70765b8d460b3ec54e') in 0.018872 seconds
Number of updated asset objects reloaded before import = 0
Number of asset objects unloaded after import = 2
========================================================================
Received Import Request.
  Time since last request: 1.642270 seconds.
  path: Assets/Models/Materials/Raw/Ball/Ball_UV_standardSurface1_Normal.png
  artifactKey: Guid(947de91183f97f642ba55eafe265f370) Importer(815301076,1909f56bfc062723c751e8b465ee728b)
Start importing Assets/Models/Materials/Raw/Ball/Ball_UV_standardSurface1_Normal.png using Guid(947de91183f97f642ba55eafe265f370) Importer(815301076,1909f56bfc062723c751e8b465ee728b)  -> (artifact id: 'acc033bad8de0f15ce14502f4c402ce3') in 0.031052 seconds
Number of updated asset objects reloaded before import = 0
Number of asset objects unloaded after import = 2
========================================================================
Received Import Request.
  Time since last request: 2.734249 seconds.
  path: Assets/Models/Materials/Raw/Bookcase_deadbumper/standardSurface1_Metallic.png
  artifactKey: Guid(b98cedbae167c0043abf77220e7f1a63) Importer(815301076,1909f56bfc062723c751e8b465ee728b)
Start importing Assets/Models/Materials/Raw/Bookcase_deadbumper/standardSurface1_Metallic.png using Guid(b98cedbae167c0043abf77220e7f1a63) Importer(815301076,1909f56bfc062723c751e8b465ee728b)  -> (artifact id: 'de108ce3b059814cf9656279be9e2206') in 0.012021 seconds
Number of updated asset objects reloaded before import = 0
Number of asset objects unloaded after import = 2
========================================================================
Received Import Request.
  Time since last request: 0.000021 seconds.
  path: Assets/Models/Materials/Raw/Bookcase_deadbumper/standardSurface1_Roughness.png
  artifactKey: Guid(6fc0932a59a70384182c463bdf85a343) Importer(815301076,1909f56bfc062723c751e8b465ee728b)
Start importing Assets/Models/Materials/Raw/Bookcase_deadbumper/standardSurface1_Roughness.png using Guid(6fc0932a59a70384182c463bdf85a343) Importer(815301076,1909f56bfc062723c751e8b465ee728b)  -> (artifact id: 'acb4abcce9a56534a7f5af58a2a9453d') in 0.020571 seconds
Number of updated asset objects reloaded before import = 0
Number of asset objects unloaded after import = 2
========================================================================
Received Import Request.
  Time since last request: 1.110467 seconds.
  path: Assets/Models/Materials/Raw/Bookcaseboarder/standardSurface1_Metallic.png
  artifactKey: Guid(6668456547595d44a97737f39c5388d3) Importer(815301076,1909f56bfc062723c751e8b465ee728b)
Start importing Assets/Models/Materials/Raw/Bookcaseboarder/standardSurface1_Metallic.png using Guid(6668456547595d44a97737f39c5388d3) Importer(815301076,1909f56bfc062723c751e8b465ee728b)  -> (artifact id: 'db1562a1db1eef0a355bb9d0c1796461') in 0.011516 seconds
Number of updated asset objects reloaded before import = 0
Number of asset objects unloaded after import = 2
========================================================================
Received Import Request.
  Time since last request: 0.000199 seconds.
  path: Assets/Models/Materials/Raw/Bookcaseboarder/standardSurface1_Roughness.png
  artifactKey: Guid(b43d80911c1d7ba4a9088ee0249c60b9) Importer(815301076,1909f56bfc062723c751e8b465ee728b)
Start importing Assets/Models/Materials/Raw/Bookcaseboarder/standardSurface1_Roughness.png using Guid(b43d80911c1d7ba4a9088ee0249c60b9) Importer(815301076,1909f56bfc062723c751e8b465ee728b)  -> (artifact id: '22066ac8f43296c82159e3a4feace409') in 0.023359 seconds
Number of updated asset objects reloaded before import = 0
Number of asset objects unloaded after import = 2
========================================================================
Received Import Request.
  Time since last request: 0.883341 seconds.
  path: Assets/Models/Materials/Raw/bookcasebumper/standardSurface1_Metallic.png
  artifactKey: Guid(89655ba88fe08ba4fa37e222ed53efb5) Importer(815301076,1909f56bfc062723c751e8b465ee728b)
Start importing Assets/Models/Materials/Raw/bookcasebumper/standardSurface1_Metallic.png using Guid(89655ba88fe08ba4fa37e222ed53efb5) Importer(815301076,1909f56bfc062723c751e8b465ee728b)  -> (artifact id: '68b629bb7f62701bfb7e97b2da19ec62') in 0.011540 seconds
Number of updated asset objects reloaded before import = 0
Number of asset objects unloaded after import = 2
========================================================================
Received Import Request.
  Time since last request: 0.000025 seconds.
  path: Assets/Models/Materials/Raw/bookcasebumper/standardSurface1_Roughness.png
  artifactKey: Guid(7d907d7803360da4bad7f976877cd703) Importer(815301076,1909f56bfc062723c751e8b465ee728b)
Start importing Assets/Models/Materials/Raw/bookcasebumper/standardSurface1_Roughness.png using Guid(7d907d7803360da4bad7f976877cd703) Importer(815301076,1909f56bfc062723c751e8b465ee728b)  -> (artifact id: 'd95c084470455a6b85d06c21184c347c') in 0.023354 seconds
Number of updated asset objects reloaded before import = 0
Number of asset objects unloaded after import = 2
========================================================================
Received Import Request.
  Time since last request: 1.116165 seconds.
  path: Assets/Models/Materials/Raw/Bookpurple/standardSurface1_Metallic.png
  artifactKey: Guid(60cb5dc722a759846a02cfc08cf36bde) Importer(815301076,1909f56bfc062723c751e8b465ee728b)
Start importing Assets/Models/Materials/Raw/Bookpurple/standardSurface1_Metallic.png using Guid(60cb5dc722a759846a02cfc08cf36bde) Importer(815301076,1909f56bfc062723c751e8b465ee728b)  -> (artifact id: '61ef401b71553c7b4dea7c6f7f69c1a0') in 0.018430 seconds
Number of updated asset objects reloaded before import = 0
Number of asset objects unloaded after import = 2
========================================================================
Received Import Request.
  Time since last request: 0.000031 seconds.
  path: Assets/Models/Materials/Raw/Bookpurple/standardSurface1_Normal.png
  artifactKey: Guid(865d1fcaaca02e04784e84695a68f361) Importer(815301076,1909f56bfc062723c751e8b465ee728b)
Start importing Assets/Models/Materials/Raw/Bookpurple/standardSurface1_Normal.png using Guid(865d1fcaaca02e04784e84695a68f361) Importer(815301076,1909f56bfc062723c751e8b465ee728b)  -> (artifact id: '0072b8948488f7281dd79b7663c6b473') in 0.013828 seconds
Number of updated asset objects reloaded before import = 0
Number of asset objects unloaded after import = 2
========================================================================
Received Import Request.
  Time since last request: 430.333467 seconds.
  path: Assets/Models/Materials/Libflipper.mat
  artifactKey: Guid(43cb44cc3966bb04c8918febd468fc98) Importer(815301076,1909f56bfc062723c751e8b465ee728b)
Start importing Assets/Models/Materials/Libflipper.mat using Guid(43cb44cc3966bb04c8918febd468fc98) Importer(815301076,1909f56bfc062723c751e8b465ee728b)  -> (artifact id: 'd9a67c799395d22a18ae61c864cc6c6b') in 0.199788 seconds
Number of updated asset objects reloaded before import = 0
Number of asset objects unloaded after import = 4
========================================================================
Received Import Request.
  Time since last request: 0.000031 seconds.
  path: Assets/Models/Materials/New Material 2.mat
  artifactKey: Guid(e6f7e2b51fb18c047ae86dbea8175eb8) Importer(815301076,1909f56bfc062723c751e8b465ee728b)
Start importing Assets/Models/Materials/New Material 2.mat using Guid(e6f7e2b51fb18c047ae86dbea8175eb8) Importer(815301076,1909f56bfc062723c751e8b465ee728b)  -> (artifact id: '8efc979d12d1973d3d108c60240edbb9') in 0.013396 seconds
Number of updated asset objects reloaded before import = 0
Number of asset objects unloaded after import = 1
========================================================================
Received Import Request.
  Time since last request: 14.337179 seconds.
  path: Assets/Models/Materials/BookRed.mat
  artifactKey: Guid(9d2092696c4c2e142a8cccdd9e9cc661) Importer(815301076,1909f56bfc062723c751e8b465ee728b)
Start importing Assets/Models/Materials/BookRed.mat using Guid(9d2092696c4c2e142a8cccdd9e9cc661) Importer(815301076,1909f56bfc062723c751e8b465ee728b)  -> (artifact id: '33bb74d814e47fe6f49d4aac9a188811') in 0.039815 seconds
Number of updated asset objects reloaded before import = 0
Number of asset objects unloaded after import = 4
========================================================================
Received Import Request.
  Time since last request: 0.000031 seconds.
  path: Assets/Models/Materials/FlipperbookBlack.mat
  artifactKey: Guid(ec59023d1be39504aa2c6bc089a82696) Importer(815301076,1909f56bfc062723c751e8b465ee728b)
Start importing Assets/Models/Materials/FlipperbookBlack.mat using Guid(ec59023d1be39504aa2c6bc089a82696) Importer(815301076,1909f56bfc062723c751e8b465ee728b)  -> (artifact id: 'f92f36acddfed97eec3a39b14d482f52') in 0.253563 seconds
Number of updated asset objects reloaded before import = 0
Number of asset objects unloaded after import = 4
========================================================================
Received Import Request.
  Time since last request: 42.309043 seconds.
  path: Assets/Models/Materials/Raw/Gemcage/standardSurface1_Height.png
  artifactKey: Guid(343e38684878a42478aad77266005d11) Importer(815301076,1909f56bfc062723c751e8b465ee728b)
Start importing Assets/Models/Materials/Raw/Gemcage/standardSurface1_Height.png using Guid(343e38684878a42478aad77266005d11) Importer(815301076,1909f56bfc062723c751e8b465ee728b)  -> (artifact id: 'b5cad9fa2ab85cf4d18646fe5c76f3b9') in 0.014640 seconds
Number of updated asset objects reloaded before import = 0
Number of asset objects unloaded after import = 2
========================================================================
Received Import Request.
  Time since last request: 0.000082 seconds.
  path: Assets/Models/Materials/Raw/Gemcage/standardSurface1_Normal.png
  artifactKey: Guid(b0756125354c5f54cae8f3d31c9460e1) Importer(815301076,1909f56bfc062723c751e8b465ee728b)
Start importing Assets/Models/Materials/Raw/Gemcage/standardSurface1_Normal.png using Guid(b0756125354c5f54cae8f3d31c9460e1) Importer(815301076,1909f56bfc062723c751e8b465ee728b)  -> (artifact id: '4ce816e6c6a39dd1597da7e7737f58e2') in 0.014458 seconds
Number of updated asset objects reloaded before import = 0
Number of asset objects unloaded after import = 2
========================================================================
Received Import Request.
  Time since last request: 0.000082 seconds.
  path: Assets/Models/Materials/Raw/Gemcage/standardSurface1_Normal_OpenGL.png
  artifactKey: Guid(20b29a376971d574aa2a29a8c1a21e2f) Importer(815301076,1909f56bfc062723c751e8b465ee728b)
Start importing Assets/Models/Materials/Raw/Gemcage/standardSurface1_Normal_OpenGL.png using Guid(20b29a376971d574aa2a29a8c1a21e2f) Importer(815301076,1909f56bfc062723c751e8b465ee728b)  -> (artifact id: '015f9a3e0eaa064bf36ba9175261b2d1') in 0.007277 seconds
Number of updated asset objects reloaded before import = 0
Number of asset objects unloaded after import = 2
========================================================================
Received Import Request.
  Time since last request: 15.667176 seconds.
  path: Assets/Models/Book 1.fbx
  artifactKey: Guid(1264a4ea91e10714e9f16244a25fc8c1) Importer(815301076,1909f56bfc062723c751e8b465ee728b)
Start importing Assets/Models/Book 1.fbx using Guid(1264a4ea91e10714e9f16244a25fc8c1) Importer(815301076,1909f56bfc062723c751e8b465ee728b)  -> (artifact id: '239939136aac76865a8c66609ceade4e') in 0.027449 seconds
Number of updated asset objects reloaded before import = 0
Number of asset objects unloaded after import = 8
========================================================================
Received Import Request.
  Time since last request: 96.770477 seconds.
  path: Assets/Models/Materials/Raw/Ghost green/standardSurface1_Height.png
  artifactKey: Guid(004936f9bbc90ad4ca8dd3808cc94dac) Importer(815301076,1909f56bfc062723c751e8b465ee728b)
Start importing Assets/Models/Materials/Raw/Ghost green/standardSurface1_Height.png using Guid(004936f9bbc90ad4ca8dd3808cc94dac) Importer(815301076,1909f56bfc062723c751e8b465ee728b)  -> (artifact id: '3d56aa3f69afc55c8a0e7dd7f69e3f48') in 0.024545 seconds
Number of updated asset objects reloaded before import = 0
Number of asset objects unloaded after import = 2
========================================================================
Received Import Request.
  Time since last request: 0.000020 seconds.
  path: Assets/Models/Materials/Raw/Ghost green/standardSurface1_Roughness.png
  artifactKey: Guid(e59150f04701c3b4e877cb746439386e) Importer(815301076,1909f56bfc062723c751e8b465ee728b)
Start importing Assets/Models/Materials/Raw/Ghost green/standardSurface1_Roughness.png using Guid(e59150f04701c3b4e877cb746439386e) Importer(815301076,1909f56bfc062723c751e8b465ee728b)  -> (artifact id: 'b2dbdb3377c7112638c82948c43eb3ec') in 0.024001 seconds
Number of updated asset objects reloaded before import = 0
Number of asset objects unloaded after import = 2
========================================================================
Received Import Request.
  Time since last request: 0.000020 seconds.
  path: Assets/Models/Materials/Raw/Ghost green/standardSurface1_Metallic.png
  artifactKey: Guid(b75554007a8a2e445b3a3a03f09a46df) Importer(815301076,1909f56bfc062723c751e8b465ee728b)
Start importing Assets/Models/Materials/Raw/Ghost green/standardSurface1_Metallic.png using Guid(b75554007a8a2e445b3a3a03f09a46df) Importer(815301076,1909f56bfc062723c751e8b465ee728b)  -> (artifact id: 'ed35bd8066d50285e1f05f3f3c6584e4') in 0.009076 seconds
Number of updated asset objects reloaded before import = 0
Number of asset objects unloaded after import = 2
Editor requested this worker to shutdown with reason: Scaling down because of idle timeout
TcpMessagingSession - receive error: operation aborted. errorcode: 995, details: The I/O operation has been aborted because of either a thread exit or an application request.
AssetImportWorker is now disconnected from the server
Process exiting
Exiting without the bug reporter. Application will terminate with return code 0